#
# There is insufficient memory for the Java Runtime Environment to continue.
# Native memory allocation (malloc) failed to allocate 720256 bytes. Error detail: Chunk::new
# Possible reasons:
#   The system is out of physical RAM or swap space
#   This process is running with CompressedOops enabled, and the Java Heap may be blocking the growth of the native heap
# Possible solutions:
#   Reduce memory load on the system
#   Increase physical memory or swap space
#   Check if swap backing store is full
#   Decrease Java heap size (-Xmx/-Xms)
#   Decrease number of Java threads
#   Decrease Java thread stack sizes (-Xss)
#   Set larger code cache with -XX:ReservedCodeCacheSize=
#   JVM is running with Unscaled Compressed Oops mode in which the Java heap is
#     placed in the first 4GB address space. The Java Heap base address is the
#     maximum limit for the native heap growth. Please use -XX:HeapBaseMinAddress
#     to set the Java Heap base and to place the Java Heap above 4GB virtual address.
# This output file may be truncated or incomplete.
#
#  Out of Memory Error (arena.cpp:191), pid=13176, tid=7960
#
# JRE version: OpenJDK Runtime Environment JBR-17.0.12+1-1207.37-nomod (17.0.12+1) (build 17.0.12+1-b1207.37)
# Java VM: OpenJDK 64-Bit Server VM JBR-17.0.12+1-1207.37-nomod (17.0.12+1-b1207.37, mixed mode, sharing, tiered, compressed oops, compressed class ptrs, g1 gc, windows-amd64)
# No core dump will be written. Minidumps are not enabled by default on client versions of Windows
#

---------------  S U M M A R Y ------------

Command Line: --add-opens=java.base/java.lang=ALL-UNNAMED --add-opens=java.base/java.lang.invoke=ALL-UNNAMED --add-opens=java.base/java.util=ALL-UNNAMED --add-opens=java.prefs/java.util.prefs=ALL-UNNAMED --add-exports=jdk.compiler/com.sun.tools.javac.api=ALL-UNNAMED --add-exports=jdk.compiler/com.sun.tools.javac.util=ALL-UNNAMED --add-opens=java.base/java.util=ALL-UNNAMED --add-opens=java.prefs/java.util.prefs=ALL-UNNAMED --add-opens=java.base/java.nio.charset=ALL-UNNAMED --add-opens=java.base/java.net=ALL-UNNAMED --add-opens=java.base/java.util.concurrent.atomic=ALL-UNNAMED --add-opens=java.xml/javax.xml.namespace=ALL-UNNAMED -XX:MaxMetaspaceSize=384m -XX:+HeapDumpOnOutOfMemoryError -Xms256m -Xmx512m -Dfile.encoding=windows-1251 -Duser.country=RU -Duser.language=ru -Duser.variant -javaagent:C:\Users\shtog\.gradle\wrapper\dists\gradle-8.11.1-bin\bpt9gzteqjrbo1mjrsomdt32c\gradle-8.11.1\lib\agents\gradle-instrumentation-agent-8.11.1.jar org.gradle.launcher.daemon.bootstrap.GradleDaemon 8.11.1

Host: AMD Ryzen 3 4300U with Radeon Graphics         , 4 cores, 3G,  Windows 10 , 64 bit Build 19041 (10.0.19041.5438)
Time: Thu Feb 20 13:20:56 2025  Windows 10 , 64 bit Build 19041 (10.0.19041.5438) elapsed time: 44.763464 seconds (0d 0h 0m 44s)

---------------  T H R E A D  ---------------

Current thread (0x000002607bedb070):  JavaThread "C2 CompilerThread0" daemon [_thread_in_native, id=7960, stack(0x000000ea44600000,0x000000ea44700000)]


Current CompileTask:
C2:  44763 8636   !   4       java.net.URLClassLoader::defineClass (224 bytes)

Stack: [0x000000ea44600000,0x000000ea44700000]
Native frames: (J=compiled Java code, j=interpreted, Vv=VM code, C=native code)
V  [jvm.dll+0x689d89]


---------------  P R O C E S S  ---------------

Threads class SMR info:
_java_thread_list=0x000002607cbe9660, length=47, elements={
0x0000026065f23320, 0x000002607bebee10, 0x000002607bebfba0, 0x000002607bed6840,
0x000002607bed9220, 0x000002607bed9af0, 0x000002607beda3c0, 0x000002607bedb070,
0x000002607bedda40, 0x000002607bee5780, 0x000002607bf3e850, 0x000002607c2c0020,
0x000002607cfcb4b0, 0x000002607c1944a0, 0x000002607da2a980, 0x000002607d98f0f0,
0x000002607d8cd5f0, 0x000002607d7a6a80, 0x000002607d7a79b0, 0x000002607d7a9810,
0x000002607d7a7ec0, 0x000002607d7a6060, 0x000002607d7a8df0, 0x000002607d7a83d0,
0x000002607d7a88e0, 0x000002607d7a6570, 0x000002607d7a9300, 0x000002607d7a6f90,
0x000002607d7a74a0, 0x000002607dbc6940, 0x000002607dbc45d0, 0x000002607dbc7360,
0x000002607dbc5a10, 0x000002607dbc6430, 0x000002607dbc40c0, 0x000002607dbc7870,
0x000002607dbc8cb0, 0x000002607dbc8290, 0x000002607dbc4ae0, 0x000002607dbc3bb0,
0x000002607dbca0f0, 0x000002607dbc87a0, 0x000002607dbc91c0, 0x000002607dbc5500,
0x000002607dbc96d0, 0x000002607dbc4ff0, 0x000002607dbca600
}

Java Threads: ( => current thread )
  0x0000026065f23320 JavaThread "main" [_thread_blocked, id=928, stack(0x000000ea43900000,0x000000ea43a00000)]
  0x000002607bebee10 JavaThread "Reference Handler" daemon [_thread_blocked, id=6700, stack(0x000000ea44000000,0x000000ea44100000)]
  0x000002607bebfba0 JavaThread "Finalizer" daemon [_thread_blocked, id=13200, stack(0x000000ea44100000,0x000000ea44200000)]
  0x000002607bed6840 JavaThread "Signal Dispatcher" daemon [_thread_blocked, id=9456, stack(0x000000ea44200000,0x000000ea44300000)]
  0x000002607bed9220 JavaThread "Attach Listener" daemon [_thread_blocked, id=12012, stack(0x000000ea44300000,0x000000ea44400000)]
  0x000002607bed9af0 JavaThread "Service Thread" daemon [_thread_blocked, id=7348, stack(0x000000ea44400000,0x000000ea44500000)]
  0x000002607beda3c0 JavaThread "Monitor Deflation Thread" daemon [_thread_blocked, id=9332, stack(0x000000ea44500000,0x000000ea44600000)]
=>0x000002607bedb070 JavaThread "C2 CompilerThread0" daemon [_thread_in_native, id=7960, stack(0x000000ea44600000,0x000000ea44700000)]
  0x000002607bedda40 JavaThread "C1 CompilerThread0" daemon [_thread_blocked, id=11020, stack(0x000000ea44700000,0x000000ea44800000)]
  0x000002607bee5780 JavaThread "Sweeper thread" daemon [_thread_blocked, id=7124, stack(0x000000ea44800000,0x000000ea44900000)]
  0x000002607bf3e850 JavaThread "Common-Cleaner" daemon [_thread_blocked, id=10920, stack(0x000000ea44900000,0x000000ea44a00000)]
  0x000002607c2c0020 JavaThread "Notification Thread" daemon [_thread_blocked, id=8096, stack(0x000000ea44a00000,0x000000ea44b00000)]
  0x000002607cfcb4b0 JavaThread "Daemon health stats" [_thread_blocked, id=8996, stack(0x000000ea44f00000,0x000000ea45000000)]
  0x000002607c1944a0 JavaThread "Incoming local TCP Connector on port 55924" [_thread_in_native, id=6548, stack(0x000000ea45000000,0x000000ea45100000)]
  0x000002607da2a980 JavaThread "Daemon periodic checks" [_thread_blocked, id=3244, stack(0x000000ea45100000,0x000000ea45200000)]
  0x000002607d98f0f0 JavaThread "Daemon" [_thread_blocked, id=2660, stack(0x000000ea45200000,0x000000ea45300000)]
  0x000002607d8cd5f0 JavaThread "Handler for socket connection from /127.0.0.1:55924 to /127.0.0.1:55933" [_thread_in_native, id=11416, stack(0x000000ea45300000,0x000000ea45400000)]
  0x000002607d7a6a80 JavaThread "Cancel handler" [_thread_blocked, id=11904, stack(0x000000ea45400000,0x000000ea45500000)]
  0x000002607d7a79b0 JavaThread "Daemon worker" [_thread_in_vm, id=3332, stack(0x000000ea45500000,0x000000ea45600000)]
  0x000002607d7a9810 JavaThread "Asynchronous log dispatcher for DefaultDaemonConnection: socket connection from /127.0.0.1:55924 to /127.0.0.1:55933" [_thread_blocked, id=440, stack(0x000000ea45600000,0x000000ea45700000)]
  0x000002607d7a7ec0 JavaThread "Stdin handler" [_thread_blocked, id=10176, stack(0x000000ea45700000,0x000000ea45800000)]
  0x000002607d7a6060 JavaThread "Daemon client event forwarder" [_thread_blocked, id=8952, stack(0x000000ea45800000,0x000000ea45900000)]
  0x000002607d7a8df0 JavaThread "Cache worker for journal cache (C:\Users\shtog\.gradle\caches\journal-1)" [_thread_blocked, id=212, stack(0x000000ea45900000,0x000000ea45a00000)]
  0x000002607d7a83d0 JavaThread "File lock request listener" [_thread_in_native, id=5324, stack(0x000000ea45a00000,0x000000ea45b00000)]
  0x000002607d7a88e0 JavaThread "Cache worker for file hash cache (C:\Users\shtog\.gradle\caches\8.11.1\fileHashes)" [_thread_blocked, id=3404, stack(0x000000ea45b00000,0x000000ea45c00000)]
  0x000002607d7a6570 JavaThread "Cache worker for file content cache (C:\Users\shtog\.gradle\caches\8.11.1\fileContent)" [_thread_blocked, id=9512, stack(0x000000ea45c00000,0x000000ea45d00000)]
  0x000002607d7a9300 JavaThread "Cache worker for file hash cache (D:\SmartInvent\backend\.gradle\8.11.1\fileHashes)" [_thread_blocked, id=5884, stack(0x000000ea45d00000,0x000000ea45e00000)]
  0x000002607d7a6f90 JavaThread "Cache worker for Build Output Cleanup Cache (D:\SmartInvent\backend\.gradle\buildOutputCleanup)" [_thread_blocked, id=3608, stack(0x000000ea45e00000,0x000000ea45f00000)]
  0x000002607d7a74a0 JavaThread "File watcher server" daemon [_thread_in_native, id=10096, stack(0x000000ea45f00000,0x000000ea46000000)]
  0x000002607dbc6940 JavaThread "File watcher consumer" daemon [_thread_blocked, id=9076, stack(0x000000ea46000000,0x000000ea46100000)]
  0x000002607dbc45d0 JavaThread "jar transforms" [_thread_blocked, id=7216, stack(0x000000ea46100000,0x000000ea46200000)]
  0x000002607dbc7360 JavaThread "jar transforms Thread 2" [_thread_blocked, id=11568, stack(0x000000ea46200000,0x000000ea46300000)]
  0x000002607dbc5a10 JavaThread "jar transforms Thread 3" [_thread_blocked, id=11140, stack(0x000000ea46300000,0x000000ea46400000)]
  0x000002607dbc6430 JavaThread "jar transforms Thread 4" [_thread_blocked, id=2740, stack(0x000000ea46400000,0x000000ea46500000)]
  0x000002607dbc40c0 JavaThread "Cache worker for checksums cache (D:\SmartInvent\backend\.gradle\8.11.1\checksums)" [_thread_blocked, id=6012, stack(0x000000ea46500000,0x000000ea46600000)]
  0x000002607dbc7870 JavaThread "Cache worker for cache directory md-rule (C:\Users\shtog\.gradle\caches\8.11.1\md-rule)" [_thread_blocked, id=10064, stack(0x000000ea46600000,0x000000ea46700000)]
  0x000002607dbc8cb0 JavaThread "Cache worker for cache directory md-supplier (C:\Users\shtog\.gradle\caches\8.11.1\md-supplier)" [_thread_blocked, id=7232, stack(0x000000ea46700000,0x000000ea46800000)]
  0x000002607dbc8290 JavaThread "Unconstrained build operations" [_thread_blocked, id=14104, stack(0x000000ea46900000,0x000000ea46a00000)]
  0x000002607dbc4ae0 JavaThread "Unconstrained build operations Thread 2" [_thread_blocked, id=6384, stack(0x000000ea46a00000,0x000000ea46b00000)]
  0x000002607dbc3bb0 JavaThread "Unconstrained build operations Thread 3" [_thread_blocked, id=3584, stack(0x000000ea46b00000,0x000000ea46c00000)]
  0x000002607dbca0f0 JavaThread "Unconstrained build operations Thread 4" [_thread_blocked, id=13624, stack(0x000000ea46c00000,0x000000ea46d00000)]
  0x000002607dbc87a0 JavaThread "Unconstrained build operations Thread 5" [_thread_blocked, id=9488, stack(0x000000ea46d00000,0x000000ea46e00000)]
  0x000002607dbc91c0 JavaThread "Unconstrained build operations Thread 6" [_thread_blocked, id=10892, stack(0x000000ea46e00000,0x000000ea46f00000)]
  0x000002607dbc5500 JavaThread "Unconstrained build operations Thread 7" [_thread_blocked, id=1500, stack(0x000000ea46f00000,0x000000ea47000000)]
  0x000002607dbc96d0 JavaThread "Unconstrained build operations Thread 8" [_thread_blocked, id=272, stack(0x000000ea47000000,0x000000ea47100000)]
  0x000002607dbc4ff0 JavaThread "Unconstrained build operations Thread 9" [_thread_blocked, id=12348, stack(0x000000ea47100000,0x000000ea47200000)]
  0x000002607dbca600 JavaThread "Unconstrained build operations Thread 10" [_thread_blocked, id=10984, stack(0x000000ea47200000,0x000000ea47300000)]

Other Threads:
  0x000002607beba630 VMThread "VM Thread" [stack: 0x000000ea43f00000,0x000000ea44000000] [id=14276]
  0x0000026065f23f90 WatcherThread [stack: 0x000000ea44b00000,0x000000ea44c00000] [id=8028]
  0x0000026065f4fea0 GCTaskThread "GC Thread#0" [stack: 0x000000ea43a00000,0x000000ea43b00000] [id=8468]
  0x000002607c4dded0 GCTaskThread "GC Thread#1" [stack: 0x000000ea44c00000,0x000000ea44d00000] [id=2096]
  0x000002607c4de190 GCTaskThread "GC Thread#2" [stack: 0x000000ea44d00000,0x000000ea44e00000] [id=1676]
  0x000002607c4de450 GCTaskThread "GC Thread#3" [stack: 0x000000ea44e00000,0x000000ea44f00000] [id=14504]
  0x0000026065f554a0 ConcurrentGCThread "G1 Main Marker" [stack: 0x000000ea43b00000,0x000000ea43c00000] [id=1644]
  0x0000026065f55dd0 ConcurrentGCThread "G1 Conc#0" [stack: 0x000000ea43c00000,0x000000ea43d00000] [id=2948]
  0x0000026065fdda10 ConcurrentGCThread "G1 Refine#0" [stack: 0x000000ea43d00000,0x000000ea43e00000] [id=6440]
  0x000002607ebdfe60 ConcurrentGCThread "G1 Refine#1" [stack: 0x000000ea46800000,0x000000ea46900000] [id=13080]
  0x000002601968c860 ConcurrentGCThread "G1 Refine#2" [stack: 0x000000ea47300000,0x000000ea47400000] [id=5960]
  0x000002607e63f9b0 ConcurrentGCThread "G1 Refine#3" [stack: 0x000000ea47600000,0x000000ea47700000] [id=9432]
  0x0000026065fde350 ConcurrentGCThread "G1 Service" [stack: 0x000000ea43e00000,0x000000ea43f00000] [id=5060]

Threads with active compile tasks:
C2 CompilerThread0    44853 8636   !   4       java.net.URLClassLoader::defineClass (224 bytes)

VM state: not at safepoint (normal execution)

VM Mutex/Monitor currently owned by a thread:  ([mutex/lock_event])
[0x0000026065f1b9d0] Metaspace_lock - owner thread: 0x000002607d7a79b0

Heap address: 0x00000000e0000000, size: 512 MB, Compressed Oops mode: 32-bit

CDS archive(s) mapped at: [0x0000026000000000-0x0000026000c00000-0x0000026000c00000), size 12582912, SharedBaseAddress: 0x0000026000000000, ArchiveRelocationMode: 1.
Compressed class space mapped at: 0x0000026001000000-0x0000026015000000, reserved size: 335544320
Narrow klass base: 0x0000026000000000, Narrow klass shift: 0, Narrow klass range: 0x100000000

GC Precious Log:
 CPUs: 4 total, 4 available
 Memory: 3445M
 Large Page Support: Disabled
 NUMA Support: Disabled
 Compressed Oops: Enabled (32-bit)
 Heap Region Size: 1M
 Heap Min Capacity: 256M
 Heap Initial Capacity: 256M
 Heap Max Capacity: 512M
 Pre-touch: Disabled
 Parallel Workers: 4
 Concurrent Workers: 1
 Concurrent Refinement Workers: 4
 Periodic GC: Disabled

Heap:
 garbage-first heap   total 262144K, used 200512K [0x00000000e0000000, 0x0000000100000000)
  region size 1024K, 102 young (104448K), 7 survivors (7168K)
 Metaspace       used 99132K, committed 99904K, reserved 458752K
  class space    used 13708K, committed 14080K, reserved 327680K

Heap Regions: E=young(eden), S=young(survivor), O=old, HS=humongous(starts), HC=humongous(continues), CS=collection set, F=free, OA=open archive, CA=closed archive, TAMS=top-at-mark-start (previous, next)
|   0|0x00000000e0000000, 0x00000000e0100000, 0x00000000e0100000|100%|HS|  |TAMS 0x00000000e0100000, 0x00000000e0000000| Complete 
|   1|0x00000000e0100000, 0x00000000e0200000, 0x00000000e0200000|100%|HC|  |TAMS 0x00000000e0200000, 0x00000000e0100000| Complete 
|   2|0x00000000e0200000, 0x00000000e0300000, 0x00000000e0300000|100%|HC|  |TAMS 0x00000000e0300000, 0x00000000e0200000| Complete 
|   3|0x00000000e0300000, 0x00000000e0400000, 0x00000000e0400000|100%| O|  |TAMS 0x00000000e0400000, 0x00000000e0300000| Untracked 
|   4|0x00000000e0400000, 0x00000000e0500000, 0x00000000e0500000|100%| O|  |TAMS 0x00000000e0500000, 0x00000000e0400000| Untracked 
|   5|0x00000000e0500000, 0x00000000e0600000, 0x00000000e0600000|100%| O|  |TAMS 0x00000000e0600000, 0x00000000e0500000| Untracked 
|   6|0x00000000e0600000, 0x00000000e0700000, 0x00000000e0700000|100%| O|  |TAMS 0x00000000e0700000, 0x00000000e0600000| Untracked 
|   7|0x00000000e0700000, 0x00000000e0800000, 0x00000000e0800000|100%|HS|  |TAMS 0x00000000e0800000, 0x00000000e0700000| Complete 
|   8|0x00000000e0800000, 0x00000000e0900000, 0x00000000e0900000|100%| O|  |TAMS 0x00000000e0900000, 0x00000000e0800000| Untracked 
|   9|0x00000000e0900000, 0x00000000e0a00000, 0x00000000e0a00000|100%| O|  |TAMS 0x00000000e0a00000, 0x00000000e0900000| Untracked 
|  10|0x00000000e0a00000, 0x00000000e0b00000, 0x00000000e0b00000|100%| O|  |TAMS 0x00000000e0b00000, 0x00000000e0a00000| Untracked 
|  11|0x00000000e0b00000, 0x00000000e0c00000, 0x00000000e0c00000|100%| O|  |TAMS 0x00000000e0c00000, 0x00000000e0b00000| Untracked 
|  12|0x00000000e0c00000, 0x00000000e0d00000, 0x00000000e0d00000|100%| O|  |TAMS 0x00000000e0d00000, 0x00000000e0c00000| Untracked 
|  13|0x00000000e0d00000, 0x00000000e0e00000, 0x00000000e0e00000|100%| O|  |TAMS 0x00000000e0e00000, 0x00000000e0d00000| Untracked 
|  14|0x00000000e0e00000, 0x00000000e0f00000, 0x00000000e0f00000|100%| O|  |TAMS 0x00000000e0f00000, 0x00000000e0e00000| Untracked 
|  15|0x00000000e0f00000, 0x00000000e1000000, 0x00000000e1000000|100%| O|  |TAMS 0x00000000e1000000, 0x00000000e0f00000| Untracked 
|  16|0x00000000e1000000, 0x00000000e1100000, 0x00000000e1100000|100%| O|  |TAMS 0x00000000e1100000, 0x00000000e1000000| Untracked 
|  17|0x00000000e1100000, 0x00000000e1200000, 0x00000000e1200000|100%| O|  |TAMS 0x00000000e1200000, 0x00000000e1100000| Untracked 
|  18|0x00000000e1200000, 0x00000000e1300000, 0x00000000e1300000|100%| O|  |TAMS 0x00000000e1300000, 0x00000000e1200000| Untracked 
|  19|0x00000000e1300000, 0x00000000e1400000, 0x00000000e1400000|100%| O|  |TAMS 0x00000000e1400000, 0x00000000e1300000| Untracked 
|  20|0x00000000e1400000, 0x00000000e1500000, 0x00000000e1500000|100%| O|  |TAMS 0x00000000e1500000, 0x00000000e1400000| Untracked 
|  21|0x00000000e1500000, 0x00000000e1600000, 0x00000000e1600000|100%| O|  |TAMS 0x00000000e1600000, 0x00000000e1500000| Untracked 
|  22|0x00000000e1600000, 0x00000000e1700000, 0x00000000e1700000|100%|HS|  |TAMS 0x00000000e1700000, 0x00000000e1600000| Complete 
|  23|0x00000000e1700000, 0x00000000e1800000, 0x00000000e1800000|100%|HC|  |TAMS 0x00000000e1800000, 0x00000000e1700000| Complete 
|  24|0x00000000e1800000, 0x00000000e1900000, 0x00000000e1900000|100%|HC|  |TAMS 0x00000000e1900000, 0x00000000e1800000| Complete 
|  25|0x00000000e1900000, 0x00000000e1a00000, 0x00000000e1a00000|100%|HC|  |TAMS 0x00000000e1a00000, 0x00000000e1900000| Complete 
|  26|0x00000000e1a00000, 0x00000000e1b00000, 0x00000000e1b00000|100%|HC|  |TAMS 0x00000000e1b00000, 0x00000000e1a00000| Complete 
|  27|0x00000000e1b00000, 0x00000000e1c00000, 0x00000000e1c00000|100%|HS|  |TAMS 0x00000000e1c00000, 0x00000000e1b00000| Complete 
|  28|0x00000000e1c00000, 0x00000000e1d00000, 0x00000000e1d00000|100%|HC|  |TAMS 0x00000000e1d00000, 0x00000000e1c00000| Complete 
|  29|0x00000000e1d00000, 0x00000000e1e00000, 0x00000000e1e00000|100%|HC|  |TAMS 0x00000000e1e00000, 0x00000000e1d00000| Complete 
|  30|0x00000000e1e00000, 0x00000000e1f00000, 0x00000000e1f00000|100%|HS|  |TAMS 0x00000000e1f00000, 0x00000000e1e00000| Complete 
|  31|0x00000000e1f00000, 0x00000000e2000000, 0x00000000e2000000|100%|HC|  |TAMS 0x00000000e2000000, 0x00000000e1f00000| Complete 
|  32|0x00000000e2000000, 0x00000000e2100000, 0x00000000e2100000|100%|HC|  |TAMS 0x00000000e2100000, 0x00000000e2000000| Complete 
|  33|0x00000000e2100000, 0x00000000e2200000, 0x00000000e2200000|100%| O|  |TAMS 0x00000000e2200000, 0x00000000e2100000| Untracked 
|  34|0x00000000e2200000, 0x00000000e2300000, 0x00000000e2300000|100%| O|  |TAMS 0x00000000e2300000, 0x00000000e2200000| Untracked 
|  35|0x00000000e2300000, 0x00000000e2400000, 0x00000000e2400000|100%| O|  |TAMS 0x00000000e2400000, 0x00000000e2300000| Untracked 
|  36|0x00000000e2400000, 0x00000000e2500000, 0x00000000e2500000|100%| O|  |TAMS 0x00000000e2500000, 0x00000000e2400000| Untracked 
|  37|0x00000000e2500000, 0x00000000e2600000, 0x00000000e2600000|100%| O|  |TAMS 0x00000000e2600000, 0x00000000e2500000| Untracked 
|  38|0x00000000e2600000, 0x00000000e2700000, 0x00000000e2700000|100%| O|  |TAMS 0x00000000e2700000, 0x00000000e2600000| Untracked 
|  39|0x00000000e2700000, 0x00000000e2800000, 0x00000000e2800000|100%| O|  |TAMS 0x00000000e2800000, 0x00000000e2700000| Untracked 
|  40|0x00000000e2800000, 0x00000000e2900000, 0x00000000e2900000|100%| O|  |TAMS 0x00000000e2900000, 0x00000000e2800000| Untracked 
|  41|0x00000000e2900000, 0x00000000e2a00000, 0x00000000e2a00000|100%| O|  |TAMS 0x00000000e2a00000, 0x00000000e2900000| Untracked 
|  42|0x00000000e2a00000, 0x00000000e2b00000, 0x00000000e2b00000|100%| O|  |TAMS 0x00000000e2b00000, 0x00000000e2a00000| Untracked 
|  43|0x00000000e2b00000, 0x00000000e2c00000, 0x00000000e2c00000|100%| O|  |TAMS 0x00000000e2c00000, 0x00000000e2b00000| Untracked 
|  44|0x00000000e2c00000, 0x00000000e2d00000, 0x00000000e2d00000|100%| O|  |TAMS 0x00000000e2d00000, 0x00000000e2c00000| Untracked 
|  45|0x00000000e2d00000, 0x00000000e2e00000, 0x00000000e2e00000|100%| O|  |TAMS 0x00000000e2e00000, 0x00000000e2d00000| Untracked 
|  46|0x00000000e2e00000, 0x00000000e2f00000, 0x00000000e2f00000|100%| O|  |TAMS 0x00000000e2f00000, 0x00000000e2e00000| Untracked 
|  47|0x00000000e2f00000, 0x00000000e3000000, 0x00000000e3000000|100%|HS|  |TAMS 0x00000000e3000000, 0x00000000e2f00000| Complete 
|  48|0x00000000e3000000, 0x00000000e3100000, 0x00000000e3100000|100%|HC|  |TAMS 0x00000000e3100000, 0x00000000e3000000| Complete 
|  49|0x00000000e3100000, 0x00000000e3200000, 0x00000000e3200000|100%|HC|  |TAMS 0x00000000e3200000, 0x00000000e3100000| Complete 
|  50|0x00000000e3200000, 0x00000000e3300000, 0x00000000e3300000|100%|HS|  |TAMS 0x00000000e3300000, 0x00000000e3200000| Complete 
|  51|0x00000000e3300000, 0x00000000e3400000, 0x00000000e3400000|100%|HC|  |TAMS 0x00000000e3400000, 0x00000000e3300000| Complete 
|  52|0x00000000e3400000, 0x00000000e3500000, 0x00000000e3500000|100%|HC|  |TAMS 0x00000000e3500000, 0x00000000e3400000| Complete 
|  53|0x00000000e3500000, 0x00000000e3600000, 0x00000000e3600000|100%|HC|  |TAMS 0x00000000e3600000, 0x00000000e3500000| Complete 
|  54|0x00000000e3600000, 0x00000000e3700000, 0x00000000e3700000|100%|HC|  |TAMS 0x00000000e3700000, 0x00000000e3600000| Complete 
|  55|0x00000000e3700000, 0x00000000e3800000, 0x00000000e3800000|100%|HS|  |TAMS 0x00000000e3800000, 0x00000000e3700000| Complete 
|  56|0x00000000e3800000, 0x00000000e3900000, 0x00000000e3900000|100%|HC|  |TAMS 0x00000000e3900000, 0x00000000e3800000| Complete 
|  57|0x00000000e3900000, 0x00000000e3a00000, 0x00000000e3a00000|100%|HC|  |TAMS 0x00000000e3a00000, 0x00000000e3900000| Complete 
|  58|0x00000000e3a00000, 0x00000000e3b00000, 0x00000000e3b00000|100%|HC|  |TAMS 0x00000000e3b00000, 0x00000000e3a00000| Complete 
|  59|0x00000000e3b00000, 0x00000000e3c00000, 0x00000000e3c00000|100%|HC|  |TAMS 0x00000000e3c00000, 0x00000000e3b00000| Complete 
|  60|0x00000000e3c00000, 0x00000000e3d00000, 0x00000000e3d00000|100%| O|  |TAMS 0x00000000e3d00000, 0x00000000e3c00000| Untracked 
|  61|0x00000000e3d00000, 0x00000000e3e00000, 0x00000000e3e00000|100%| O|  |TAMS 0x00000000e3e00000, 0x00000000e3d00000| Untracked 
|  62|0x00000000e3e00000, 0x00000000e3f00000, 0x00000000e3f00000|100%| O|  |TAMS 0x00000000e3f00000, 0x00000000e3e00000| Untracked 
|  63|0x00000000e3f00000, 0x00000000e4000000, 0x00000000e4000000|100%| O|  |TAMS 0x00000000e4000000, 0x00000000e3f00000| Untracked 
|  64|0x00000000e4000000, 0x00000000e4100000, 0x00000000e4100000|100%| O|  |TAMS 0x00000000e4100000, 0x00000000e4000000| Untracked 
|  65|0x00000000e4100000, 0x00000000e4200000, 0x00000000e4200000|100%| O|  |TAMS 0x00000000e4200000, 0x00000000e4100000| Untracked 
|  66|0x00000000e4200000, 0x00000000e4300000, 0x00000000e4300000|100%| O|  |TAMS 0x00000000e4300000, 0x00000000e4200000| Untracked 
|  67|0x00000000e4300000, 0x00000000e4400000, 0x00000000e4400000|100%| O|  |TAMS 0x00000000e4400000, 0x00000000e4300000| Untracked 
|  68|0x00000000e4400000, 0x00000000e4500000, 0x00000000e4500000|100%| O|  |TAMS 0x00000000e4500000, 0x00000000e4400000| Untracked 
|  69|0x00000000e4500000, 0x00000000e4600000, 0x00000000e4600000|100%| O|  |TAMS 0x00000000e4600000, 0x00000000e4500000| Untracked 
|  70|0x00000000e4600000, 0x00000000e4700000, 0x00000000e4700000|100%| O|  |TAMS 0x00000000e4700000, 0x00000000e4600000| Untracked 
|  71|0x00000000e4700000, 0x00000000e4800000, 0x00000000e4800000|100%| O|  |TAMS 0x00000000e4800000, 0x00000000e4700000| Untracked 
|  72|0x00000000e4800000, 0x00000000e4900000, 0x00000000e4900000|100%| O|  |TAMS 0x00000000e4900000, 0x00000000e4800000| Untracked 
|  73|0x00000000e4900000, 0x00000000e4a00000, 0x00000000e4a00000|100%| O|  |TAMS 0x00000000e4a00000, 0x00000000e4900000| Untracked 
|  74|0x00000000e4a00000, 0x00000000e4b00000, 0x00000000e4b00000|100%| O|  |TAMS 0x00000000e4b00000, 0x00000000e4a00000| Untracked 
|  75|0x00000000e4b00000, 0x00000000e4c00000, 0x00000000e4c00000|100%| O|  |TAMS 0x00000000e4c00000, 0x00000000e4b00000| Untracked 
|  76|0x00000000e4c00000, 0x00000000e4d00000, 0x00000000e4d00000|100%| O|  |TAMS 0x00000000e4d00000, 0x00000000e4c00000| Untracked 
|  77|0x00000000e4d00000, 0x00000000e4e00000, 0x00000000e4e00000|100%| O|  |TAMS 0x00000000e4e00000, 0x00000000e4d00000| Untracked 
|  78|0x00000000e4e00000, 0x00000000e4f00000, 0x00000000e4f00000|100%| O|  |TAMS 0x00000000e4f00000, 0x00000000e4e00000| Untracked 
|  79|0x00000000e4f00000, 0x00000000e5000000, 0x00000000e5000000|100%| O|  |TAMS 0x00000000e5000000, 0x00000000e4f00000| Untracked 
|  80|0x00000000e5000000, 0x00000000e5000000, 0x00000000e5100000|  0%| F|  |TAMS 0x00000000e5000000, 0x00000000e5000000| Untracked 
|  81|0x00000000e5100000, 0x00000000e5200000, 0x00000000e5200000|100%|HS|  |TAMS 0x00000000e5200000, 0x00000000e5100000| Complete 
|  82|0x00000000e5200000, 0x00000000e5300000, 0x00000000e5300000|100%|HC|  |TAMS 0x00000000e5300000, 0x00000000e5200000| Complete 
|  83|0x00000000e5300000, 0x00000000e5400000, 0x00000000e5400000|100%|HC|  |TAMS 0x00000000e5400000, 0x00000000e5300000| Complete 
|  84|0x00000000e5400000, 0x00000000e5500000, 0x00000000e5500000|100%|HC|  |TAMS 0x00000000e5500000, 0x00000000e5400000| Complete 
|  85|0x00000000e5500000, 0x00000000e5600000, 0x00000000e5600000|100%|HC|  |TAMS 0x00000000e5600000, 0x00000000e5500000| Complete 
|  86|0x00000000e5600000, 0x00000000e5700000, 0x00000000e5700000|100%|HC|  |TAMS 0x00000000e5700000, 0x00000000e5600000| Complete 
|  87|0x00000000e5700000, 0x00000000e5800000, 0x00000000e5800000|100%|HS|  |TAMS 0x00000000e5800000, 0x00000000e5700000| Complete 
|  88|0x00000000e5800000, 0x00000000e5900000, 0x00000000e5900000|100%| O|  |TAMS 0x00000000e5900000, 0x00000000e5800000| Untracked 
|  89|0x00000000e5900000, 0x00000000e5a00000, 0x00000000e5a00000|100%| O|  |TAMS 0x00000000e5a00000, 0x00000000e5900000| Untracked 
|  90|0x00000000e5a00000, 0x00000000e5b00000, 0x00000000e5b00000|100%| O|  |TAMS 0x00000000e5b00000, 0x00000000e5a00000| Untracked 
|  91|0x00000000e5b00000, 0x00000000e5c00000, 0x00000000e5c00000|100%| O|  |TAMS 0x00000000e5c00000, 0x00000000e5b00000| Untracked 
|  92|0x00000000e5c00000, 0x00000000e5d00000, 0x00000000e5d00000|100%| O|  |TAMS 0x00000000e5d00000, 0x00000000e5c00000| Untracked 
|  93|0x00000000e5d00000, 0x00000000e5e00000, 0x00000000e5e00000|100%| O|  |TAMS 0x00000000e5e00000, 0x00000000e5d00000| Untracked 
|  94|0x00000000e5e00000, 0x00000000e5f00000, 0x00000000e5f00000|100%| O|  |TAMS 0x00000000e5f00000, 0x00000000e5e00000| Untracked 
|  95|0x00000000e5f00000, 0x00000000e6000000, 0x00000000e6000000|100%| O|  |TAMS 0x00000000e6000000, 0x00000000e5f00000| Untracked 
|  96|0x00000000e6000000, 0x00000000e6056800, 0x00000000e6100000| 33%| O|  |TAMS 0x00000000e6056800, 0x00000000e6000000| Untracked 
|  97|0x00000000e6100000, 0x00000000e6100000, 0x00000000e6200000|  0%| F|  |TAMS 0x00000000e6100000, 0x00000000e6100000| Untracked 
|  98|0x00000000e6200000, 0x00000000e6200000, 0x00000000e6300000|  0%| F|  |TAMS 0x00000000e6200000, 0x00000000e6200000| Untracked 
|  99|0x00000000e6300000, 0x00000000e6300000, 0x00000000e6400000|  0%| F|  |TAMS 0x00000000e6300000, 0x00000000e6300000| Untracked 
| 100|0x00000000e6400000, 0x00000000e6400000, 0x00000000e6500000|  0%| F|  |TAMS 0x00000000e6400000, 0x00000000e6400000| Untracked 
| 101|0x00000000e6500000, 0x00000000e6500000, 0x00000000e6600000|  0%| F|  |TAMS 0x00000000e6500000, 0x00000000e6500000| Untracked 
| 102|0x00000000e6600000, 0x00000000e6600000, 0x00000000e6700000|  0%| F|  |TAMS 0x00000000e6600000, 0x00000000e6600000| Untracked 
| 103|0x00000000e6700000, 0x00000000e6700000, 0x00000000e6800000|  0%| F|  |TAMS 0x00000000e6700000, 0x00000000e6700000| Untracked 
| 104|0x00000000e6800000, 0x00000000e6800000, 0x00000000e6900000|  0%| F|  |TAMS 0x00000000e6800000, 0x00000000e6800000| Untracked 
| 105|0x00000000e6900000, 0x00000000e6900000, 0x00000000e6a00000|  0%| F|  |TAMS 0x00000000e6900000, 0x00000000e6900000| Untracked 
| 106|0x00000000e6a00000, 0x00000000e6a00000, 0x00000000e6b00000|  0%| F|  |TAMS 0x00000000e6a00000, 0x00000000e6a00000| Untracked 
| 107|0x00000000e6b00000, 0x00000000e6b00000, 0x00000000e6c00000|  0%| F|  |TAMS 0x00000000e6b00000, 0x00000000e6b00000| Untracked 
| 108|0x00000000e6c00000, 0x00000000e6c00000, 0x00000000e6d00000|  0%| F|  |TAMS 0x00000000e6c00000, 0x00000000e6c00000| Untracked 
| 109|0x00000000e6d00000, 0x00000000e6d00000, 0x00000000e6e00000|  0%| F|  |TAMS 0x00000000e6d00000, 0x00000000e6d00000| Untracked 
| 110|0x00000000e6e00000, 0x00000000e6e00000, 0x00000000e6f00000|  0%| F|  |TAMS 0x00000000e6e00000, 0x00000000e6e00000| Untracked 
| 111|0x00000000e6f00000, 0x00000000e6f00000, 0x00000000e7000000|  0%| F|  |TAMS 0x00000000e6f00000, 0x00000000e6f00000| Untracked 
| 112|0x00000000e7000000, 0x00000000e7000000, 0x00000000e7100000|  0%| F|  |TAMS 0x00000000e7000000, 0x00000000e7000000| Untracked 
| 113|0x00000000e7100000, 0x00000000e7100000, 0x00000000e7200000|  0%| F|  |TAMS 0x00000000e7100000, 0x00000000e7100000| Untracked 
| 114|0x00000000e7200000, 0x00000000e7200000, 0x00000000e7300000|  0%| F|  |TAMS 0x00000000e7200000, 0x00000000e7200000| Untracked 
| 115|0x00000000e7300000, 0x00000000e7300000, 0x00000000e7400000|  0%| F|  |TAMS 0x00000000e7300000, 0x00000000e7300000| Untracked 
| 116|0x00000000e7400000, 0x00000000e7400000, 0x00000000e7500000|  0%| F|  |TAMS 0x00000000e7400000, 0x00000000e7400000| Untracked 
| 117|0x00000000e7500000, 0x00000000e7500000, 0x00000000e7600000|  0%| F|  |TAMS 0x00000000e7500000, 0x00000000e7500000| Untracked 
| 118|0x00000000e7600000, 0x00000000e7600000, 0x00000000e7700000|  0%| F|  |TAMS 0x00000000e7600000, 0x00000000e7600000| Untracked 
| 119|0x00000000e7700000, 0x00000000e7700000, 0x00000000e7800000|  0%| F|  |TAMS 0x00000000e7700000, 0x00000000e7700000| Untracked 
| 120|0x00000000e7800000, 0x00000000e7800000, 0x00000000e7900000|  0%| F|  |TAMS 0x00000000e7800000, 0x00000000e7800000| Untracked 
| 121|0x00000000e7900000, 0x00000000e7900000, 0x00000000e7a00000|  0%| F|  |TAMS 0x00000000e7900000, 0x00000000e7900000| Untracked 
| 122|0x00000000e7a00000, 0x00000000e7a00000, 0x00000000e7b00000|  0%| F|  |TAMS 0x00000000e7a00000, 0x00000000e7a00000| Untracked 
| 123|0x00000000e7b00000, 0x00000000e7b00000, 0x00000000e7c00000|  0%| F|  |TAMS 0x00000000e7b00000, 0x00000000e7b00000| Untracked 
| 124|0x00000000e7c00000, 0x00000000e7c00000, 0x00000000e7d00000|  0%| F|  |TAMS 0x00000000e7c00000, 0x00000000e7c00000| Untracked 
| 125|0x00000000e7d00000, 0x00000000e7d00000, 0x00000000e7e00000|  0%| F|  |TAMS 0x00000000e7d00000, 0x00000000e7d00000| Untracked 
| 126|0x00000000e7e00000, 0x00000000e7e00000, 0x00000000e7f00000|  0%| F|  |TAMS 0x00000000e7e00000, 0x00000000e7e00000| Untracked 
| 127|0x00000000e7f00000, 0x00000000e7f00000, 0x00000000e8000000|  0%| F|  |TAMS 0x00000000e7f00000, 0x00000000e7f00000| Untracked 
| 128|0x00000000e8000000, 0x00000000e8000000, 0x00000000e8100000|  0%| F|  |TAMS 0x00000000e8000000, 0x00000000e8000000| Untracked 
| 129|0x00000000e8100000, 0x00000000e8100000, 0x00000000e8200000|  0%| F|  |TAMS 0x00000000e8100000, 0x00000000e8100000| Untracked 
| 130|0x00000000e8200000, 0x00000000e8200000, 0x00000000e8300000|  0%| F|  |TAMS 0x00000000e8200000, 0x00000000e8200000| Untracked 
| 131|0x00000000e8300000, 0x00000000e8300000, 0x00000000e8400000|  0%| F|  |TAMS 0x00000000e8300000, 0x00000000e8300000| Untracked 
| 132|0x00000000e8400000, 0x00000000e8400000, 0x00000000e8500000|  0%| F|  |TAMS 0x00000000e8400000, 0x00000000e8400000| Untracked 
| 133|0x00000000e8500000, 0x00000000e8500000, 0x00000000e8600000|  0%| F|  |TAMS 0x00000000e8500000, 0x00000000e8500000| Untracked 
| 134|0x00000000e8600000, 0x00000000e8600000, 0x00000000e8700000|  0%| F|  |TAMS 0x00000000e8600000, 0x00000000e8600000| Untracked 
| 135|0x00000000e8700000, 0x00000000e8700000, 0x00000000e8800000|  0%| F|  |TAMS 0x00000000e8700000, 0x00000000e8700000| Untracked 
| 136|0x00000000e8800000, 0x00000000e8800000, 0x00000000e8900000|  0%| F|  |TAMS 0x00000000e8800000, 0x00000000e8800000| Untracked 
| 137|0x00000000e8900000, 0x00000000e8900000, 0x00000000e8a00000|  0%| F|  |TAMS 0x00000000e8900000, 0x00000000e8900000| Untracked 
| 138|0x00000000e8a00000, 0x00000000e8a00000, 0x00000000e8b00000|  0%| F|  |TAMS 0x00000000e8a00000, 0x00000000e8a00000| Untracked 
| 139|0x00000000e8b00000, 0x00000000e8b00000, 0x00000000e8c00000|  0%| F|  |TAMS 0x00000000e8b00000, 0x00000000e8b00000| Untracked 
| 140|0x00000000e8c00000, 0x00000000e8c00000, 0x00000000e8d00000|  0%| F|  |TAMS 0x00000000e8c00000, 0x00000000e8c00000| Untracked 
| 141|0x00000000e8d00000, 0x00000000e8d79a20, 0x00000000e8e00000| 47%| S|CS|TAMS 0x00000000e8d00000, 0x00000000e8d00000| Complete 
| 142|0x00000000e8e00000, 0x00000000e8f00000, 0x00000000e8f00000|100%| S|CS|TAMS 0x00000000e8e00000, 0x00000000e8e00000| Complete 
| 143|0x00000000e8f00000, 0x00000000e9000000, 0x00000000e9000000|100%| S|CS|TAMS 0x00000000e8f00000, 0x00000000e8f00000| Complete 
| 144|0x00000000e9000000, 0x00000000e9100000, 0x00000000e9100000|100%| S|CS|TAMS 0x00000000e9000000, 0x00000000e9000000| Complete 
| 145|0x00000000e9100000, 0x00000000e9200000, 0x00000000e9200000|100%| S|CS|TAMS 0x00000000e9100000, 0x00000000e9100000| Complete 
| 146|0x00000000e9200000, 0x00000000e9300000, 0x00000000e9300000|100%| S|CS|TAMS 0x00000000e9200000, 0x00000000e9200000| Complete 
| 147|0x00000000e9300000, 0x00000000e9400000, 0x00000000e9400000|100%| S|CS|TAMS 0x00000000e9300000, 0x00000000e9300000| Complete 
| 148|0x00000000e9400000, 0x00000000e9400000, 0x00000000e9500000|  0%| F|  |TAMS 0x00000000e9400000, 0x00000000e9400000| Untracked 
| 149|0x00000000e9500000, 0x00000000e9500000, 0x00000000e9600000|  0%| F|  |TAMS 0x00000000e9500000, 0x00000000e9500000| Untracked 
| 150|0x00000000e9600000, 0x00000000e9600000, 0x00000000e9700000|  0%| F|  |TAMS 0x00000000e9600000, 0x00000000e9600000| Untracked 
| 151|0x00000000e9700000, 0x00000000e9700000, 0x00000000e9800000|  0%| F|  |TAMS 0x00000000e9700000, 0x00000000e9700000| Untracked 
| 152|0x00000000e9800000, 0x00000000e9800000, 0x00000000e9900000|  0%| F|  |TAMS 0x00000000e9800000, 0x00000000e9800000| Untracked 
| 153|0x00000000e9900000, 0x00000000e9900000, 0x00000000e9a00000|  0%| F|  |TAMS 0x00000000e9900000, 0x00000000e9900000| Untracked 
| 154|0x00000000e9a00000, 0x00000000e9a00000, 0x00000000e9b00000|  0%| F|  |TAMS 0x00000000e9a00000, 0x00000000e9a00000| Untracked 
| 155|0x00000000e9b00000, 0x00000000e9b00000, 0x00000000e9c00000|  0%| F|  |TAMS 0x00000000e9b00000, 0x00000000e9b00000| Untracked 
| 156|0x00000000e9c00000, 0x00000000e9c00000, 0x00000000e9d00000|  0%| F|  |TAMS 0x00000000e9c00000, 0x00000000e9c00000| Untracked 
| 157|0x00000000e9d00000, 0x00000000e9d00000, 0x00000000e9e00000|  0%| F|  |TAMS 0x00000000e9d00000, 0x00000000e9d00000| Untracked 
| 158|0x00000000e9e00000, 0x00000000e9e00000, 0x00000000e9f00000|  0%| F|  |TAMS 0x00000000e9e00000, 0x00000000e9e00000| Untracked 
| 159|0x00000000e9f00000, 0x00000000e9f00000, 0x00000000ea000000|  0%| F|  |TAMS 0x00000000e9f00000, 0x00000000e9f00000| Untracked 
| 160|0x00000000ea000000, 0x00000000ea000000, 0x00000000ea100000|  0%| F|  |TAMS 0x00000000ea000000, 0x00000000ea000000| Untracked 
| 161|0x00000000ea100000, 0x00000000ea180800, 0x00000000ea200000| 50%| E|  |TAMS 0x00000000ea100000, 0x00000000ea100000| Complete 
| 162|0x00000000ea200000, 0x00000000ea300000, 0x00000000ea300000|100%| E|CS|TAMS 0x00000000ea200000, 0x00000000ea200000| Complete 
| 163|0x00000000ea300000, 0x00000000ea400000, 0x00000000ea400000|100%| E|CS|TAMS 0x00000000ea300000, 0x00000000ea300000| Complete 
| 164|0x00000000ea400000, 0x00000000ea500000, 0x00000000ea500000|100%| E|CS|TAMS 0x00000000ea400000, 0x00000000ea400000| Complete 
| 165|0x00000000ea500000, 0x00000000ea600000, 0x00000000ea600000|100%| E|CS|TAMS 0x00000000ea500000, 0x00000000ea500000| Complete 
| 166|0x00000000ea600000, 0x00000000ea700000, 0x00000000ea700000|100%| E|CS|TAMS 0x00000000ea600000, 0x00000000ea600000| Complete 
| 167|0x00000000ea700000, 0x00000000ea800000, 0x00000000ea800000|100%| E|CS|TAMS 0x00000000ea700000, 0x00000000ea700000| Complete 
| 168|0x00000000ea800000, 0x00000000ea900000, 0x00000000ea900000|100%| E|CS|TAMS 0x00000000ea800000, 0x00000000ea800000| Complete 
| 169|0x00000000ea900000, 0x00000000eaa00000, 0x00000000eaa00000|100%| E|CS|TAMS 0x00000000ea900000, 0x00000000ea900000| Complete 
| 170|0x00000000eaa00000, 0x00000000eab00000, 0x00000000eab00000|100%| E|CS|TAMS 0x00000000eaa00000, 0x00000000eaa00000| Complete 
| 171|0x00000000eab00000, 0x00000000eac00000, 0x00000000eac00000|100%| E|CS|TAMS 0x00000000eab00000, 0x00000000eab00000| Complete 
| 172|0x00000000eac00000, 0x00000000ead00000, 0x00000000ead00000|100%| E|CS|TAMS 0x00000000eac00000, 0x00000000eac00000| Complete 
| 173|0x00000000ead00000, 0x00000000eae00000, 0x00000000eae00000|100%| E|CS|TAMS 0x00000000ead00000, 0x00000000ead00000| Complete 
| 174|0x00000000eae00000, 0x00000000eaf00000, 0x00000000eaf00000|100%| E|CS|TAMS 0x00000000eae00000, 0x00000000eae00000| Complete 
| 175|0x00000000eaf00000, 0x00000000eb000000, 0x00000000eb000000|100%| E|CS|TAMS 0x00000000eaf00000, 0x00000000eaf00000| Complete 
| 176|0x00000000eb000000, 0x00000000eb100000, 0x00000000eb100000|100%| E|CS|TAMS 0x00000000eb000000, 0x00000000eb000000| Complete 
| 177|0x00000000eb100000, 0x00000000eb200000, 0x00000000eb200000|100%| E|CS|TAMS 0x00000000eb100000, 0x00000000eb100000| Complete 
| 178|0x00000000eb200000, 0x00000000eb300000, 0x00000000eb300000|100%| E|CS|TAMS 0x00000000eb200000, 0x00000000eb200000| Complete 
| 179|0x00000000eb300000, 0x00000000eb400000, 0x00000000eb400000|100%| E|CS|TAMS 0x00000000eb300000, 0x00000000eb300000| Complete 
| 180|0x00000000eb400000, 0x00000000eb500000, 0x00000000eb500000|100%| E|CS|TAMS 0x00000000eb400000, 0x00000000eb400000| Complete 
| 181|0x00000000eb500000, 0x00000000eb600000, 0x00000000eb600000|100%| E|CS|TAMS 0x00000000eb500000, 0x00000000eb500000| Complete 
| 182|0x00000000eb600000, 0x00000000eb700000, 0x00000000eb700000|100%| E|CS|TAMS 0x00000000eb600000, 0x00000000eb600000| Complete 
| 183|0x00000000eb700000, 0x00000000eb800000, 0x00000000eb800000|100%| E|CS|TAMS 0x00000000eb700000, 0x00000000eb700000| Complete 
| 184|0x00000000eb800000, 0x00000000eb900000, 0x00000000eb900000|100%| E|CS|TAMS 0x00000000eb800000, 0x00000000eb800000| Complete 
| 185|0x00000000eb900000, 0x00000000eba00000, 0x00000000eba00000|100%| E|CS|TAMS 0x00000000eb900000, 0x00000000eb900000| Complete 
| 186|0x00000000eba00000, 0x00000000ebb00000, 0x00000000ebb00000|100%| E|CS|TAMS 0x00000000eba00000, 0x00000000eba00000| Complete 
| 187|0x00000000ebb00000, 0x00000000ebc00000, 0x00000000ebc00000|100%| E|CS|TAMS 0x00000000ebb00000, 0x00000000ebb00000| Complete 
| 188|0x00000000ebc00000, 0x00000000ebd00000, 0x00000000ebd00000|100%| E|CS|TAMS 0x00000000ebc00000, 0x00000000ebc00000| Complete 
| 189|0x00000000ebd00000, 0x00000000ebe00000, 0x00000000ebe00000|100%| E|CS|TAMS 0x00000000ebd00000, 0x00000000ebd00000| Complete 
| 190|0x00000000ebe00000, 0x00000000ebf00000, 0x00000000ebf00000|100%| E|CS|TAMS 0x00000000ebe00000, 0x00000000ebe00000| Complete 
| 191|0x00000000ebf00000, 0x00000000ec000000, 0x00000000ec000000|100%| E|CS|TAMS 0x00000000ebf00000, 0x00000000ebf00000| Complete 
| 192|0x00000000ec000000, 0x00000000ec100000, 0x00000000ec100000|100%| E|CS|TAMS 0x00000000ec000000, 0x00000000ec000000| Complete 
| 193|0x00000000ec100000, 0x00000000ec200000, 0x00000000ec200000|100%| E|CS|TAMS 0x00000000ec100000, 0x00000000ec100000| Complete 
| 194|0x00000000ec200000, 0x00000000ec300000, 0x00000000ec300000|100%| E|CS|TAMS 0x00000000ec200000, 0x00000000ec200000| Complete 
| 195|0x00000000ec300000, 0x00000000ec400000, 0x00000000ec400000|100%| E|CS|TAMS 0x00000000ec300000, 0x00000000ec300000| Complete 
| 196|0x00000000ec400000, 0x00000000ec500000, 0x00000000ec500000|100%| E|CS|TAMS 0x00000000ec400000, 0x00000000ec400000| Complete 
| 197|0x00000000ec500000, 0x00000000ec600000, 0x00000000ec600000|100%| E|CS|TAMS 0x00000000ec500000, 0x00000000ec500000| Complete 
| 198|0x00000000ec600000, 0x00000000ec700000, 0x00000000ec700000|100%| E|CS|TAMS 0x00000000ec600000, 0x00000000ec600000| Complete 
| 199|0x00000000ec700000, 0x00000000ec800000, 0x00000000ec800000|100%| E|CS|TAMS 0x00000000ec700000, 0x00000000ec700000| Complete 
| 200|0x00000000ec800000, 0x00000000ec900000, 0x00000000ec900000|100%| E|CS|TAMS 0x00000000ec800000, 0x00000000ec800000| Complete 
| 201|0x00000000ec900000, 0x00000000eca00000, 0x00000000eca00000|100%| E|CS|TAMS 0x00000000ec900000, 0x00000000ec900000| Complete 
| 202|0x00000000eca00000, 0x00000000ecb00000, 0x00000000ecb00000|100%| E|CS|TAMS 0x00000000eca00000, 0x00000000eca00000| Complete 
| 203|0x00000000ecb00000, 0x00000000ecc00000, 0x00000000ecc00000|100%| E|CS|TAMS 0x00000000ecb00000, 0x00000000ecb00000| Complete 
| 204|0x00000000ecc00000, 0x00000000ecd00000, 0x00000000ecd00000|100%| E|CS|TAMS 0x00000000ecc00000, 0x00000000ecc00000| Complete 
| 205|0x00000000ecd00000, 0x00000000ece00000, 0x00000000ece00000|100%| E|CS|TAMS 0x00000000ecd00000, 0x00000000ecd00000| Complete 
| 206|0x00000000ece00000, 0x00000000ecf00000, 0x00000000ecf00000|100%| E|CS|TAMS 0x00000000ece00000, 0x00000000ece00000| Complete 
| 207|0x00000000ecf00000, 0x00000000ed000000, 0x00000000ed000000|100%| E|CS|TAMS 0x00000000ecf00000, 0x00000000ecf00000| Complete 
| 208|0x00000000ed000000, 0x00000000ed100000, 0x00000000ed100000|100%| E|CS|TAMS 0x00000000ed000000, 0x00000000ed000000| Complete 
| 209|0x00000000ed100000, 0x00000000ed200000, 0x00000000ed200000|100%| E|CS|TAMS 0x00000000ed100000, 0x00000000ed100000| Complete 
| 210|0x00000000ed200000, 0x00000000ed300000, 0x00000000ed300000|100%| E|CS|TAMS 0x00000000ed200000, 0x00000000ed200000| Complete 
| 211|0x00000000ed300000, 0x00000000ed400000, 0x00000000ed400000|100%| E|CS|TAMS 0x00000000ed300000, 0x00000000ed300000| Complete 
| 212|0x00000000ed400000, 0x00000000ed500000, 0x00000000ed500000|100%| E|CS|TAMS 0x00000000ed400000, 0x00000000ed400000| Complete 
| 213|0x00000000ed500000, 0x00000000ed600000, 0x00000000ed600000|100%| E|CS|TAMS 0x00000000ed500000, 0x00000000ed500000| Complete 
| 214|0x00000000ed600000, 0x00000000ed700000, 0x00000000ed700000|100%| E|CS|TAMS 0x00000000ed600000, 0x00000000ed600000| Complete 
| 215|0x00000000ed700000, 0x00000000ed800000, 0x00000000ed800000|100%| E|CS|TAMS 0x00000000ed700000, 0x00000000ed700000| Complete 
| 216|0x00000000ed800000, 0x00000000ed900000, 0x00000000ed900000|100%| E|CS|TAMS 0x00000000ed800000, 0x00000000ed800000| Complete 
| 217|0x00000000ed900000, 0x00000000eda00000, 0x00000000eda00000|100%| E|CS|TAMS 0x00000000ed900000, 0x00000000ed900000| Complete 
| 218|0x00000000eda00000, 0x00000000edb00000, 0x00000000edb00000|100%| E|CS|TAMS 0x00000000eda00000, 0x00000000eda00000| Complete 
| 219|0x00000000edb00000, 0x00000000edc00000, 0x00000000edc00000|100%| E|CS|TAMS 0x00000000edb00000, 0x00000000edb00000| Complete 
| 220|0x00000000edc00000, 0x00000000edd00000, 0x00000000edd00000|100%| E|CS|TAMS 0x00000000edc00000, 0x00000000edc00000| Complete 
| 221|0x00000000edd00000, 0x00000000ede00000, 0x00000000ede00000|100%| E|CS|TAMS 0x00000000edd00000, 0x00000000edd00000| Complete 
| 222|0x00000000ede00000, 0x00000000edf00000, 0x00000000edf00000|100%| E|CS|TAMS 0x00000000ede00000, 0x00000000ede00000| Complete 
| 223|0x00000000edf00000, 0x00000000ee000000, 0x00000000ee000000|100%| E|CS|TAMS 0x00000000edf00000, 0x00000000edf00000| Complete 
| 224|0x00000000ee000000, 0x00000000ee100000, 0x00000000ee100000|100%| E|CS|TAMS 0x00000000ee000000, 0x00000000ee000000| Complete 
| 225|0x00000000ee100000, 0x00000000ee200000, 0x00000000ee200000|100%| E|CS|TAMS 0x00000000ee100000, 0x00000000ee100000| Complete 
| 226|0x00000000ee200000, 0x00000000ee300000, 0x00000000ee300000|100%| E|CS|TAMS 0x00000000ee200000, 0x00000000ee200000| Complete 
| 227|0x00000000ee300000, 0x00000000ee400000, 0x00000000ee400000|100%| E|CS|TAMS 0x00000000ee300000, 0x00000000ee300000| Complete 
| 228|0x00000000ee400000, 0x00000000ee500000, 0x00000000ee500000|100%| E|CS|TAMS 0x00000000ee400000, 0x00000000ee400000| Complete 
| 229|0x00000000ee500000, 0x00000000ee600000, 0x00000000ee600000|100%| E|CS|TAMS 0x00000000ee500000, 0x00000000ee500000| Complete 
| 230|0x00000000ee600000, 0x00000000ee700000, 0x00000000ee700000|100%| E|CS|TAMS 0x00000000ee600000, 0x00000000ee600000| Complete 
| 231|0x00000000ee700000, 0x00000000ee800000, 0x00000000ee800000|100%| E|CS|TAMS 0x00000000ee700000, 0x00000000ee700000| Complete 
| 232|0x00000000ee800000, 0x00000000ee900000, 0x00000000ee900000|100%| E|CS|TAMS 0x00000000ee800000, 0x00000000ee800000| Complete 
| 233|0x00000000ee900000, 0x00000000eea00000, 0x00000000eea00000|100%| E|CS|TAMS 0x00000000ee900000, 0x00000000ee900000| Complete 
| 234|0x00000000eea00000, 0x00000000eeb00000, 0x00000000eeb00000|100%| E|CS|TAMS 0x00000000eea00000, 0x00000000eea00000| Complete 
| 235|0x00000000eeb00000, 0x00000000eec00000, 0x00000000eec00000|100%| E|CS|TAMS 0x00000000eeb00000, 0x00000000eeb00000| Complete 
| 236|0x00000000eec00000, 0x00000000eed00000, 0x00000000eed00000|100%| E|CS|TAMS 0x00000000eec00000, 0x00000000eec00000| Complete 
| 237|0x00000000eed00000, 0x00000000eee00000, 0x00000000eee00000|100%| E|CS|TAMS 0x00000000eed00000, 0x00000000eed00000| Complete 
| 238|0x00000000eee00000, 0x00000000eef00000, 0x00000000eef00000|100%| E|CS|TAMS 0x00000000eee00000, 0x00000000eee00000| Complete 
| 239|0x00000000eef00000, 0x00000000ef000000, 0x00000000ef000000|100%| E|CS|TAMS 0x00000000eef00000, 0x00000000eef00000| Complete 
| 240|0x00000000ef000000, 0x00000000ef100000, 0x00000000ef100000|100%| E|CS|TAMS 0x00000000ef000000, 0x00000000ef000000| Complete 
| 241|0x00000000ef100000, 0x00000000ef200000, 0x00000000ef200000|100%| E|CS|TAMS 0x00000000ef100000, 0x00000000ef100000| Complete 
| 242|0x00000000ef200000, 0x00000000ef300000, 0x00000000ef300000|100%| E|CS|TAMS 0x00000000ef200000, 0x00000000ef200000| Complete 
| 243|0x00000000ef300000, 0x00000000ef400000, 0x00000000ef400000|100%| E|CS|TAMS 0x00000000ef300000, 0x00000000ef300000| Complete 
| 244|0x00000000ef400000, 0x00000000ef500000, 0x00000000ef500000|100%| E|CS|TAMS 0x00000000ef400000, 0x00000000ef400000| Complete 
| 245|0x00000000ef500000, 0x00000000ef600000, 0x00000000ef600000|100%| E|CS|TAMS 0x00000000ef500000, 0x00000000ef500000| Complete 
| 246|0x00000000ef600000, 0x00000000ef700000, 0x00000000ef700000|100%| E|CS|TAMS 0x00000000ef600000, 0x00000000ef600000| Complete 
| 247|0x00000000ef700000, 0x00000000ef800000, 0x00000000ef800000|100%| E|CS|TAMS 0x00000000ef700000, 0x00000000ef700000| Complete 
| 248|0x00000000ef800000, 0x00000000ef900000, 0x00000000ef900000|100%| E|CS|TAMS 0x00000000ef800000, 0x00000000ef800000| Complete 
| 249|0x00000000ef900000, 0x00000000efa00000, 0x00000000efa00000|100%| E|CS|TAMS 0x00000000ef900000, 0x00000000ef900000| Complete 
| 250|0x00000000efa00000, 0x00000000efb00000, 0x00000000efb00000|100%| E|CS|TAMS 0x00000000efa00000, 0x00000000efa00000| Complete 
| 251|0x00000000efb00000, 0x00000000efc00000, 0x00000000efc00000|100%| E|CS|TAMS 0x00000000efb00000, 0x00000000efb00000| Complete 
| 252|0x00000000efc00000, 0x00000000efd00000, 0x00000000efd00000|100%| E|CS|TAMS 0x00000000efc00000, 0x00000000efc00000| Complete 
| 253|0x00000000efd00000, 0x00000000efe00000, 0x00000000efe00000|100%| E|CS|TAMS 0x00000000efd00000, 0x00000000efd00000| Complete 
| 254|0x00000000efe00000, 0x00000000eff00000, 0x00000000eff00000|100%| E|CS|TAMS 0x00000000efe00000, 0x00000000efe00000| Complete 
| 255|0x00000000eff00000, 0x00000000f0000000, 0x00000000f0000000|100%| E|CS|TAMS 0x00000000eff00000, 0x00000000eff00000| Complete 

Card table byte_map: [0x0000026078700000,0x0000026078800000] _byte_map_base: 0x0000026078000000

Marking Bits (Prev, Next): (CMBitMap*) 0x0000026065f50410, (CMBitMap*) 0x0000026065f503d0
 Prev Bits: [0x0000026079100000, 0x0000026079900000)
 Next Bits: [0x0000026078900000, 0x0000026079100000)

Polling page: 0x0000026063e00000

Metaspace:

Usage:
  Non-class:     83.42 MB used.
      Class:     13.39 MB used.
       Both:     96.81 MB used.

Virtual space:
  Non-class space:      128.00 MB reserved,      83.81 MB ( 65%) committed,  2 nodes.
      Class space:      320.00 MB reserved,      13.75 MB (  4%) committed,  1 nodes.
             Both:      448.00 MB reserved,      97.56 MB ( 22%) committed. 

Chunk freelists:
   Non-Class:  11.23 MB
       Class:  2.11 MB
        Both:  13.34 MB

MaxMetaspaceSize: 384.00 MB
CompressedClassSpaceSize: 320.00 MB
Initial GC threshold: 21.00 MB
Current GC threshold: 148.12 MB
CDS: on
MetaspaceReclaimPolicy: balanced
 - commit_granule_bytes: 65536.
 - commit_granule_words: 8192.
 - virtual_space_node_default_size: 8388608.
 - enlarge_chunks_in_place: 1.
 - new_chunks_are_fully_committed: 0.
 - uncommit_free_chunks: 1.
 - use_allocation_guard: 0.
 - handle_deallocations: 1.


Internal statistics:

num_allocs_failed_limit: 18.
num_arena_births: 972.
num_arena_deaths: 0.
num_vsnodes_births: 3.
num_vsnodes_deaths: 0.
num_space_committed: 1559.
num_space_uncommitted: 0.
num_chunks_returned_to_freelist: 18.
num_chunks_taken_from_freelist: 4729.
num_chunk_merges: 15.
num_chunk_splits: 3489.
num_chunks_enlarged: 2726.
num_inconsistent_stats: 0.

CodeHeap 'non-profiled nmethods': size=120000Kb used=4430Kb max_used=4430Kb free=115569Kb
 bounds [0x00000260711d0000, 0x0000026071630000, 0x0000026078700000]
CodeHeap 'profiled nmethods': size=120000Kb used=16423Kb max_used=16423Kb free=103576Kb
 bounds [0x0000026069700000, 0x000002606a710000, 0x0000026070c30000]
CodeHeap 'non-nmethods': size=5760Kb used=2500Kb max_used=2519Kb free=3259Kb
 bounds [0x0000026070c30000, 0x0000026070eb0000, 0x00000260711d0000]
 total_blobs=8868 nmethods=7808 adapters=972
 compilation: enabled
              stopped_count=0, restarted_count=0
 full_count=0

Compilation events (20 events):
Event: 44.657 Thread 0x000002607bedda40 nmethod 8631 0x000002607161e410 code [0x000002607161e5a0, 0x000002607161e678]
Event: 44.657 Thread 0x000002607bedda40 8632       1       org.jetbrains.kotlin.ir.backend.jvm.serialization.JvmIrLinker::access$getStubGenerator$p (5 bytes)
Event: 44.657 Thread 0x000002607bedda40 nmethod 8632 0x000002607161e710 code [0x000002607161e8a0, 0x000002607161e958]
Event: 44.657 Thread 0x000002607bedda40 8633       1       org.jetbrains.kotlin.psi2ir.generators.DeclarationStubGeneratorImpl::getTypeTranslator (5 bytes)
Event: 44.657 Thread 0x000002607bedda40 nmethod 8633 0x000002607161ea10 code [0x000002607161eba0, 0x000002607161ec78]
Event: 44.659 Thread 0x000002607bedb070 8634       4       jdk.internal.org.objectweb.asm.ClassWriter::toByteArray (1515 bytes)
Event: 44.660 Thread 0x000002607bedda40 8635       3       org.jetbrains.kotlin.ir.declarations.IrDeclarationOriginImpl::getValue (7 bytes)
Event: 44.660 Thread 0x000002607bedda40 nmethod 8635 0x000002606a704d10 code [0x000002606a704f20, 0x000002606a705538]
Event: 44.703 Thread 0x000002607bedb070 nmethod 8634 0x000002607161ed10 code [0x000002607161f080, 0x0000026071621858]
Event: 44.703 Thread 0x000002607bedb070 8636   !   4       java.net.URLClassLoader::defineClass (224 bytes)
Event: 44.711 Thread 0x000002607bedda40 8637       3       org.jetbrains.kotlin.com.google.common.collect.ImmutableMap$Builder::put (35 bytes)
Event: 44.712 Thread 0x000002607bedda40 nmethod 8637 0x000002606a705790 code [0x000002606a705980, 0x000002606a705ff8]
Event: 44.712 Thread 0x000002607bedda40 8638       3       org.jetbrains.kotlin.codegen.intrinsics.IntrinsicsMap::registerIntrinsic (61 bytes)
Event: 44.713 Thread 0x000002607bedda40 nmethod 8638 0x000002606a706290 code [0x000002606a7065e0, 0x000002606a7077f8]
Event: 44.713 Thread 0x000002607bedda40 8639       3       org.jetbrains.kotlin.codegen.intrinsics.IntrinsicsMap$Key::<init> (38 bytes)
Event: 44.713 Thread 0x000002607bedda40 nmethod 8639 0x000002606a707e90 code [0x000002606a708120, 0x000002606a708d38]
Event: 44.713 Thread 0x000002607bedda40 8642       3       org.jetbrains.kotlin.name.FqNameUnsafe::toSafe (46 bytes)
Event: 44.713 Thread 0x000002607bedda40 nmethod 8642 0x000002606a709110 code [0x000002606a7092e0, 0x000002606a7096c8]
Event: 44.713 Thread 0x000002607bedda40 8641       3       org.jetbrains.kotlin.codegen.intrinsics.IntrinsicMethods::declareIntrinsicFunction (39 bytes)
Event: 44.713 Thread 0x000002607bedda40 nmethod 8641 0x000002606a709810 code [0x000002606a7099e0, 0x000002606a709cb8]

GC Heap History (20 events):
Event: 16.580 GC heap before
{Heap before GC invocations=2 (full 0):
 garbage-first heap   total 262144K, used 165403K [0x00000000e0000000, 0x0000000100000000)
  region size 1024K, 153 young (156672K), 3 survivors (3072K)
 Metaspace       used 19436K, committed 19776K, reserved 393216K
  class space    used 2901K, committed 3072K, reserved 327680K
}
Event: 16.607 GC heap after
{Heap after GC invocations=3 (full 0):
 garbage-first heap   total 262144K, used 21983K [0x00000000e0000000, 0x0000000100000000)
  region size 1024K, 14 young (14336K), 14 survivors (14336K)
 Metaspace       used 19436K, committed 19776K, reserved 393216K
  class space    used 2901K, committed 3072K, reserved 327680K
}
Event: 17.738 GC heap before
{Heap before GC invocations=3 (full 0):
 garbage-first heap   total 262144K, used 36319K [0x00000000e0000000, 0x0000000100000000)
  region size 1024K, 29 young (29696K), 14 survivors (14336K)
 Metaspace       used 21211K, committed 21504K, reserved 393216K
  class space    used 3173K, committed 3328K, reserved 327680K
}
Event: 17.781 GC heap after
{Heap after GC invocations=4 (full 0):
 garbage-first heap   total 262144K, used 23799K [0x00000000e0000000, 0x0000000100000000)
  region size 1024K, 2 young (2048K), 2 survivors (2048K)
 Metaspace       used 21211K, committed 21504K, reserved 393216K
  class space    used 3173K, committed 3328K, reserved 327680K
}
Event: 22.875 GC heap before
{Heap before GC invocations=5 (full 0):
 garbage-first heap   total 262144K, used 141559K [0x00000000e0000000, 0x0000000100000000)
  region size 1024K, 108 young (110592K), 2 survivors (2048K)
 Metaspace       used 35546K, committed 35968K, reserved 393216K
  class space    used 5283K, committed 5504K, reserved 327680K
}
Event: 22.893 GC heap after
{Heap after GC invocations=6 (full 0):
 garbage-first heap   total 262144K, used 43266K [0x00000000e0000000, 0x0000000100000000)
  region size 1024K, 10 young (10240K), 10 survivors (10240K)
 Metaspace       used 35546K, committed 35968K, reserved 393216K
  class space    used 5283K, committed 5504K, reserved 327680K
}
Event: 22.933 GC heap before
{Heap before GC invocations=6 (full 0):
 garbage-first heap   total 262144K, used 44290K [0x00000000e0000000, 0x0000000100000000)
  region size 1024K, 12 young (12288K), 10 survivors (10240K)
 Metaspace       used 35809K, committed 36288K, reserved 393216K
  class space    used 5328K, committed 5568K, reserved 327680K
}
Event: 22.945 GC heap after
{Heap after GC invocations=7 (full 0):
 garbage-first heap   total 262144K, used 43813K [0x00000000e0000000, 0x0000000100000000)
  region size 1024K, 1 young (1024K), 1 survivors (1024K)
 Metaspace       used 35809K, committed 36288K, reserved 393216K
  class space    used 5328K, committed 5568K, reserved 327680K
}
Event: 22.947 GC heap before
{Heap before GC invocations=7 (full 0):
 garbage-first heap   total 262144K, used 43813K [0x00000000e0000000, 0x0000000100000000)
  region size 1024K, 2 young (2048K), 1 survivors (1024K)
 Metaspace       used 35827K, committed 36288K, reserved 393216K
  class space    used 5330K, committed 5568K, reserved 327680K
}
Event: 22.948 GC heap after
{Heap after GC invocations=8 (full 0):
 garbage-first heap   total 262144K, used 43124K [0x00000000e0000000, 0x0000000100000000)
  region size 1024K, 1 young (1024K), 1 survivors (1024K)
 Metaspace       used 35827K, committed 36288K, reserved 393216K
  class space    used 5330K, committed 5568K, reserved 327680K
}
Event: 30.624 GC heap before
{Heap before GC invocations=9 (full 0):
 garbage-first heap   total 262144K, used 218228K [0x00000000e0000000, 0x0000000100000000)
  region size 1024K, 153 young (156672K), 1 survivors (1024K)
 Metaspace       used 47677K, committed 48256K, reserved 393216K
  class space    used 6828K, committed 7104K, reserved 327680K
}
Event: 30.747 GC heap after
{Heap after GC invocations=10 (full 0):
 garbage-first heap   total 262144K, used 67974K [0x00000000e0000000, 0x0000000100000000)
  region size 1024K, 12 young (12288K), 12 survivors (12288K)
 Metaspace       used 47677K, committed 48256K, reserved 393216K
  class space    used 6828K, committed 7104K, reserved 327680K
}
Event: 38.652 GC heap before
{Heap before GC invocations=11 (full 0):
 garbage-first heap   total 262144K, used 207238K [0x00000000e0000000, 0x0000000100000000)
  region size 1024K, 148 young (151552K), 12 survivors (12288K)
 Metaspace       used 65758K, committed 66368K, reserved 393216K
  class space    used 9784K, committed 10048K, reserved 327680K
}
Event: 38.700 GC heap after
{Heap after GC invocations=12 (full 0):
 garbage-first heap   total 262144K, used 72430K [0x00000000e0000000, 0x0000000100000000)
  region size 1024K, 5 young (5120K), 5 survivors (5120K)
 Metaspace       used 65758K, committed 66368K, reserved 393216K
  class space    used 9784K, committed 10048K, reserved 327680K
}
Event: 40.770 GC heap before
{Heap before GC invocations=12 (full 0):
 garbage-first heap   total 262144K, used 233198K [0x00000000e0000000, 0x0000000100000000)
  region size 1024K, 140 young (143360K), 5 survivors (5120K)
 Metaspace       used 77922K, committed 78656K, reserved 458752K
  class space    used 11166K, committed 11520K, reserved 327680K
}
Event: 40.811 GC heap after
{Heap after GC invocations=13 (full 0):
 garbage-first heap   total 262144K, used 98278K [0x00000000e0000000, 0x0000000100000000)
  region size 1024K, 18 young (18432K), 18 survivors (18432K)
 Metaspace       used 77922K, committed 78656K, reserved 458752K
  class space    used 11166K, committed 11520K, reserved 327680K
}
Event: 40.988 GC heap before
{Heap before GC invocations=13 (full 0):
 garbage-first heap   total 262144K, used 112614K [0x00000000e0000000, 0x0000000100000000)
  region size 1024K, 33 young (33792K), 18 survivors (18432K)
 Metaspace       used 79767K, committed 80448K, reserved 458752K
  class space    used 11310K, committed 11648K, reserved 327680K
}
Event: 41.005 GC heap after
{Heap after GC invocations=14 (full 0):
 garbage-first heap   total 262144K, used 101722K [0x00000000e0000000, 0x0000000100000000)
  region size 1024K, 3 young (3072K), 3 survivors (3072K)
 Metaspace       used 79767K, committed 80448K, reserved 458752K
  class space    used 11310K, committed 11648K, reserved 327680K
}
Event: 42.860 GC heap before
{Heap before GC invocations=15 (full 0):
 garbage-first heap   total 262144K, used 209242K [0x00000000e0000000, 0x0000000100000000)
  region size 1024K, 108 young (110592K), 3 survivors (3072K)
 Metaspace       used 90310K, committed 91008K, reserved 458752K
  class space    used 12663K, committed 12992K, reserved 327680K
}
Event: 42.878 GC heap after
{Heap after GC invocations=16 (full 0):
 garbage-first heap   total 262144K, used 104256K [0x00000000e0000000, 0x0000000100000000)
  region size 1024K, 7 young (7168K), 7 survivors (7168K)
 Metaspace       used 90310K, committed 91008K, reserved 458752K
  class space    used 12663K, committed 12992K, reserved 327680K
}

Dll operation events (4 events):
Event: 0.065 Loaded shared library C:\Users\shtog\.jdks\jbr-17.0.12\bin\java.dll
Event: 0.266 Loaded shared library C:\Users\shtog\.jdks\jbr-17.0.12\bin\jsvml.dll
Event: 0.463 Loaded shared library C:\Users\shtog\.jdks\jbr-17.0.12\bin\zip.dll
Event: 2.417 Loaded shared library C:\Users\shtog\.jdks\jbr-17.0.12\bin\verify.dll

Deoptimization events (20 events):
Event: 44.127 Thread 0x000002607d7a79b0 Uncommon trap: trap_request=0xffffffde fr.pc=0x00000260715d62c0 relative=0x0000000000000540
Event: 44.127 Thread 0x000002607d7a79b0 Uncommon trap: reason=class_check action=maybe_recompile pc=0x00000260715d62c0 method=org.jetbrains.kotlin.storage.LockBasedStorageManager$LockBasedLazyValue.invoke()Ljava/lang/Object; @ 24 c2
Event: 44.127 Thread 0x000002607d7a79b0 DEOPT PACKING pc=0x00000260715d62c0 sp=0x000000ea455f4030
Event: 44.127 Thread 0x000002607d7a79b0 DEOPT UNPACKING pc=0x0000026070c869a3 sp=0x000000ea455f3f80 mode 2
Event: 44.127 Thread 0x000002607d7a79b0 Uncommon trap: trap_request=0xffffffde fr.pc=0x00000260715d62c0 relative=0x0000000000000540
Event: 44.127 Thread 0x000002607d7a79b0 Uncommon trap: reason=class_check action=maybe_recompile pc=0x00000260715d62c0 method=org.jetbrains.kotlin.storage.LockBasedStorageManager$LockBasedLazyValue.invoke()Ljava/lang/Object; @ 24 c2
Event: 44.127 Thread 0x000002607d7a79b0 DEOPT PACKING pc=0x00000260715d62c0 sp=0x000000ea455f3c70
Event: 44.127 Thread 0x000002607d7a79b0 DEOPT UNPACKING pc=0x0000026070c869a3 sp=0x000000ea455f3bc0 mode 2
Event: 44.127 Thread 0x000002607d7a79b0 Uncommon trap: trap_request=0xffffffde fr.pc=0x00000260715d62c0 relative=0x0000000000000540
Event: 44.127 Thread 0x000002607d7a79b0 Uncommon trap: reason=class_check action=maybe_recompile pc=0x00000260715d62c0 method=org.jetbrains.kotlin.storage.LockBasedStorageManager$LockBasedLazyValue.invoke()Ljava/lang/Object; @ 24 c2
Event: 44.127 Thread 0x000002607d7a79b0 DEOPT PACKING pc=0x00000260715d62c0 sp=0x000000ea455f3c30
Event: 44.127 Thread 0x000002607d7a79b0 DEOPT UNPACKING pc=0x0000026070c869a3 sp=0x000000ea455f3b80 mode 2
Event: 44.127 Thread 0x000002607d7a79b0 Uncommon trap: trap_request=0xffffffde fr.pc=0x00000260715d62c0 relative=0x0000000000000540
Event: 44.127 Thread 0x000002607d7a79b0 Uncommon trap: reason=class_check action=maybe_recompile pc=0x00000260715d62c0 method=org.jetbrains.kotlin.storage.LockBasedStorageManager$LockBasedLazyValue.invoke()Ljava/lang/Object; @ 24 c2
Event: 44.127 Thread 0x000002607d7a79b0 DEOPT PACKING pc=0x00000260715d62c0 sp=0x000000ea455f3c30
Event: 44.127 Thread 0x000002607d7a79b0 DEOPT UNPACKING pc=0x0000026070c869a3 sp=0x000000ea455f3b80 mode 2
Event: 44.130 Thread 0x000002607d7a79b0 Uncommon trap: trap_request=0xffffffde fr.pc=0x00000260715e6408 relative=0x0000000000000608
Event: 44.130 Thread 0x000002607d7a79b0 Uncommon trap: reason=class_check action=maybe_recompile pc=0x00000260715e6408 method=org.jetbrains.kotlin.storage.LockBasedStorageManager$LockBasedLazyValue.invoke()Ljava/lang/Object; @ 24 c2
Event: 44.130 Thread 0x000002607d7a79b0 DEOPT PACKING pc=0x00000260715e6408 sp=0x000000ea455f3850
Event: 44.130 Thread 0x000002607d7a79b0 DEOPT UNPACKING pc=0x0000026070c869a3 sp=0x000000ea455f3808 mode 2

Classes loaded (20 events):
Event: 41.697 Loading class java/io/NotSerializableException
Event: 41.697 Loading class java/io/NotSerializableException done
Event: 41.803 Loading class java/util/AbstractList$ListItr
Event: 41.804 Loading class java/util/AbstractList$ListItr done
Event: 41.898 Loading class java/util/function/IntUnaryOperator
Event: 41.899 Loading class java/util/function/IntUnaryOperator done
Event: 42.041 Loading class java/util/AbstractList$RandomAccessSubList
Event: 42.041 Loading class java/util/AbstractList$SubList
Event: 42.041 Loading class java/util/AbstractList$SubList done
Event: 42.041 Loading class java/util/AbstractList$RandomAccessSubList done
Event: 42.392 Loading class java/util/AbstractList$SubList$1
Event: 42.392 Loading class java/util/AbstractList$SubList$1 done
Event: 42.543 Loading class java/util/EnumMap$EntrySet
Event: 42.543 Loading class java/util/EnumMap$EntrySet done
Event: 42.544 Loading class java/util/EnumMap$EntryIterator
Event: 42.544 Loading class java/util/EnumMap$EnumMapIterator
Event: 42.544 Loading class java/util/EnumMap$EnumMapIterator done
Event: 42.544 Loading class java/util/EnumMap$EntryIterator done
Event: 42.544 Loading class java/util/EnumMap$EntryIterator$Entry
Event: 42.544 Loading class java/util/EnumMap$EntryIterator$Entry done

Classes unloaded (0 events):
No events

Classes redefined (0 events):
No events

Internal exceptions (20 events):
Event: 42.095 Thread 0x000002607d7a79b0 Exception <a 'java/lang/NoSuchMethodError'{0x00000000ec6244f0}: 'java.lang.Object java.lang.invoke.DirectMethodHandle$Holder.invokeStatic(java.lang.Object, int, java.lang.Object, java.lang.Object, java.lang.Object, java.lang.Object, java.lang.Object, java.lang.Object)'> (0x00000000ec6244f0) 
thrown [s\src\hotspot\share\interpreter\linkResolver.cpp, line 771]
Event: 42.098 Thread 0x000002607d7a79b0 Exception <a 'java/lang/NoSuchMethodError'{0x00000000ec631300}: 'java.lang.Object java.lang.invoke.DirectMethodHandle$Holder.newInvokeSpecial(java.lang.Object, int, java.lang.Object, java.lang.Object, java.lang.Object, java.lang.Object, java.lang.Object)'> (0x00000000ec631300) 
thrown [s\src\hotspot\share\interpreter\linkResolver.cpp, line 771]
Event: 42.098 Thread 0x000002607d7a79b0 Exception <a 'java/lang/NoSuchMethodError'{0x00000000ec637950}: 'java.lang.Object java.lang.invoke.DirectMethodHandle$Holder.invokeSpecial(java.lang.Object, java.lang.Object, int, java.lang.Object, java.lang.Object, java.lang.Object, java.lang.Object, java.lang.Object)'> (0x00000000ec637950) 
thrown [s\src\hotspot\share\interpreter\linkResolver.cpp, line 771]
Event: 42.424 Thread 0x000002607d7a79b0 Exception <a 'java/lang/NoSuchMethodError'{0x00000000eb419570}: 'java.lang.Object java.lang.invoke.DirectMethodHandle$Holder.invokeStatic(java.lang.Object, java.lang.Object, java.lang.Object, java.lang.Object, int)'> (0x00000000eb419570) 
thrown [s\src\hotspot\share\interpreter\linkResolver.cpp, line 771]
Event: 43.508 Thread 0x000002607d7a79b0 Exception <a 'java/lang/NoSuchMethodError'{0x00000000eec2fd38}: 'java.lang.Object java.lang.invoke.DirectMethodHandle$Holder.invokeStatic(java.lang.Object, java.lang.Object, java.lang.Object, java.lang.Object, int, java.lang.Object, java.lang.Object)'> (0x00000000eec2fd38) 
thrown [s\src\hotspot\share\interpreter\linkResolver.cpp, line 771]
Event: 43.871 Thread 0x000002607d7a79b0 Implicit null exception at 0x000002607158a20f to 0x000002607158a240
Event: 43.935 Thread 0x000002607d7a79b0 Exception <a 'java/lang/NoSuchMethodError'{0x00000000ed7761e0}: 'java.lang.Object java.lang.invoke.DirectMethodHandle$Holder.newInvokeSpecial(java.lang.Object, java.lang.Object, java.lang.Object, java.lang.Object, java.lang.Object, java.lang.Object, java.lang.Object, int)'> (0x00000000ed7761e0) 
thrown [s\src\hotspot\share\interpreter\linkResolver.cpp, line 771]
Event: 43.935 Thread 0x000002607d7a79b0 Exception <a 'java/lang/NoSuchMethodError'{0x00000000ed77ccd0}: 'java.lang.Object java.lang.invoke.DirectMethodHandle$Holder.invokeSpecial(java.lang.Object, java.lang.Object, java.lang.Object, java.lang.Object, java.lang.Object, java.lang.Object, java.lang.Object, java.lang.Object, int)'> (0x00000000ed77ccd0) 
thrown [s\src\hotspot\share\interpreter\linkResolver.cpp, line 771]
Event: 43.941 Thread 0x000002607d7a79b0 Implicit null exception at 0x00000260715d7e3d to 0x00000260715d855c
Event: 44.195 Thread 0x000002607d7a79b0 Exception <a 'java/lang/NoSuchMethodError'{0x00000000ec594980}: 'java.lang.Object java.lang.invoke.DirectMethodHandle$Holder.newInvokeSpecial(java.lang.Object, java.lang.Object, java.lang.Object, java.lang.Object, java.lang.Object, int, java.lang.Object)'> (0x00000000ec594980) 
thrown [s\src\hotspot\share\interpreter\linkResolver.cpp, line 771]
Event: 44.196 Thread 0x000002607d7a79b0 Exception <a 'java/lang/NoSuchMethodError'{0x00000000ec59adc0}: 'java.lang.Object java.lang.invoke.DirectMethodHandle$Holder.invokeSpecial(java.lang.Object, java.lang.Object, java.lang.Object, java.lang.Object, java.lang.Object, java.lang.Object, int, java.lang.Object)'> (0x00000000ec59adc0) 
thrown [s\src\hotspot\share\interpreter\linkResolver.cpp, line 771]
Event: 44.196 Thread 0x000002607d7a79b0 Exception <a 'java/lang/NoSuchMethodError'{0x00000000ec5a0b88}: 'java.lang.Object java.lang.invoke.Invokers$Holder.linkToTargetMethod(java.lang.Object, java.lang.Object, java.lang.Object, java.lang.Object, int, java.lang.Object, java.lang.Object)'> (0x00000000ec5a0b88) 
thrown [s\src\hotspot\share\interpreter\linkResolver.cpp, line 771]
Event: 44.451 Thread 0x000002607d7a79b0 Exception <a 'java/lang/NoSuchMethodError'{0x00000000eb63d600}: 'java.lang.Object java.lang.invoke.DirectMethodHandle$Holder.invokeStatic(java.lang.Object, java.lang.Object, int, int, java.lang.Object, java.lang.Object)'> (0x00000000eb63d600) 
thrown [s\src\hotspot\share\interpreter\linkResolver.cpp, line 771]
Event: 44.453 Thread 0x000002607d7a79b0 Exception <a 'java/lang/NoSuchMethodError'{0x00000000eb64dde8}: 'java.lang.Object java.lang.invoke.Invokers$Holder.linkToTargetMethod(java.lang.Object, int, int, java.lang.Object, java.lang.Object)'> (0x00000000eb64dde8) 
thrown [s\src\hotspot\share\interpreter\linkResolver.cpp, line 771]
Event: 44.490 Thread 0x000002607d7a79b0 Exception <a 'java/lang/NoSuchMethodError'{0x00000000eb4ebeb0}: 'java.lang.Object java.lang.invoke.DirectMethodHandle$Holder.invokeStatic(java.lang.Object, java.lang.Object, java.lang.Object, int, int, java.lang.Object, java.lang.Object)'> (0x00000000eb4ebeb0) 
thrown [s\src\hotspot\share\interpreter\linkResolver.cpp, line 771]
Event: 44.490 Thread 0x000002607d7a79b0 Exception <a 'java/lang/NoSuchMethodError'{0x00000000eb4f64b8}: 'java.lang.Object java.lang.invoke.DirectMethodHandle$Holder.newInvokeSpecial(java.lang.Object, java.lang.Object, java.lang.Object, int, int, java.lang.Object)'> (0x00000000eb4f64b8) 
thrown [s\src\hotspot\share\interpreter\linkResolver.cpp, line 771]
Event: 44.491 Thread 0x000002607d7a79b0 Exception <a 'java/lang/NoSuchMethodError'{0x00000000eb4ff6a8}: 'java.lang.Object java.lang.invoke.Invokers$Holder.linkToTargetMethod(java.lang.Object, java.lang.Object, int, int, java.lang.Object, java.lang.Object)'> (0x00000000eb4ff6a8) 
thrown [s\src\hotspot\share\interpreter\linkResolver.cpp, line 771]
Event: 44.492 Thread 0x000002607d7a79b0 Exception <a 'java/lang/NoSuchMethodError'{0x00000000eb30d278}: 'java.lang.Object java.lang.invoke.DirectMethodHandle$Holder.invokeStatic(java.lang.Object, java.lang.Object, int, int, java.lang.Object)'> (0x00000000eb30d278) 
thrown [s\src\hotspot\share\interpreter\linkResolver.cpp, line 771]
Event: 44.520 Thread 0x000002607d7a79b0 Exception <a 'java/lang/NoSuchMethodError'{0x00000000eb143278}: 'java.lang.Object java.lang.invoke.DirectMethodHandle$Holder.newInvokeSpecial(java.lang.Object, java.lang.Object, java.lang.Object, int, int, java.lang.Object, java.lang.Object)'> (0x00000000eb143278) 
thrown [s\src\hotspot\share\interpreter\linkResolver.cpp, line 771]
Event: 44.520 Thread 0x000002607d7a79b0 Exception <a 'java/lang/NoSuchMethodError'{0x00000000eb14c958}: 'java.lang.Object java.lang.invoke.Invokers$Holder.linkToTargetMethod(java.lang.Object, java.lang.Object, int, int, java.lang.Object, java.lang.Object, java.lang.Object)'> (0x00000000eb14c958) 
thrown [s\src\hotspot\share\interpreter\linkResolver.cpp, line 771]

VM Operations (20 events):
Event: 42.491 Executing VM operation: HandshakeAllThreads
Event: 42.491 Executing VM operation: HandshakeAllThreads done
Event: 42.824 Executing VM operation: ICBufferFull
Event: 42.824 Executing VM operation: ICBufferFull done
Event: 42.859 Executing VM operation: G1CollectForAllocation
Event: 42.880 Executing VM operation: G1CollectForAllocation done
Event: 43.046 Executing VM operation: G1PauseRemark
Event: 43.095 Executing VM operation: G1PauseRemark done
Event: 43.130 Executing VM operation: G1PauseCleanup
Event: 43.212 Executing VM operation: G1PauseCleanup done
Event: 43.682 Executing VM operation: HandshakeAllThreads
Event: 43.682 Executing VM operation: HandshakeAllThreads done
Event: 43.878 Executing VM operation: ICBufferFull
Event: 43.878 Executing VM operation: ICBufferFull done
Event: 44.046 Executing VM operation: HandshakeAllThreads
Event: 44.046 Executing VM operation: HandshakeAllThreads done
Event: 44.272 Executing VM operation: ICBufferFull
Event: 44.272 Executing VM operation: ICBufferFull done
Event: 44.684 Executing VM operation: HandshakeAllThreads
Event: 44.684 Executing VM operation: HandshakeAllThreads done

Events (20 events):
Event: 27.011 Thread 0x000002607bee5780 flushing nmethod 0x0000026069f94590
Event: 27.011 Thread 0x000002607bee5780 flushing nmethod 0x0000026069fbdf90
Event: 27.011 Thread 0x000002607bee5780 flushing nmethod 0x0000026069fbeb10
Event: 27.011 Thread 0x000002607bee5780 flushing nmethod 0x0000026069fbf310
Event: 27.011 Thread 0x000002607bee5780 flushing nmethod 0x0000026069fbfd90
Event: 27.011 Thread 0x000002607bee5780 flushing nmethod 0x0000026069fc0310
Event: 27.011 Thread 0x000002607bee5780 flushing nmethod 0x0000026069fc6790
Event: 27.011 Thread 0x000002607bee5780 flushing nmethod 0x0000026069fc7910
Event: 27.011 Thread 0x000002607bee5780 flushing nmethod 0x0000026069fd9c10
Event: 27.011 Thread 0x000002607bee5780 flushing nmethod 0x000002606a00de90
Event: 27.011 Thread 0x000002607bee5780 flushing nmethod 0x000002606a022290
Event: 27.011 Thread 0x000002607bee5780 flushing nmethod 0x000002606a091290
Event: 27.011 Thread 0x000002607bee5780 flushing nmethod 0x000002606a092590
Event: 27.405 Thread 0x000002607dbc87a0 Thread added: 0x000002607dbc87a0
Event: 27.406 Thread 0x000002607dbc91c0 Thread added: 0x000002607dbc91c0
Event: 27.407 Thread 0x000002607dbc5500 Thread added: 0x000002607dbc5500
Event: 27.575 Thread 0x000002607dbc96d0 Thread added: 0x000002607dbc96d0
Event: 27.576 Thread 0x000002607dbc4ff0 Thread added: 0x000002607dbc4ff0
Event: 27.577 Thread 0x000002607dbca600 Thread added: 0x000002607dbca600
Event: 41.367 Thread 0x000002607bee5780 flushing nmethod 0x0000026069853990


Dynamic libraries:
0x00007ff657420000 - 0x00007ff65742a000 	C:\Users\shtog\.jdks\jbr-17.0.12\bin\java.exe
0x00007ff8ecd90000 - 0x00007ff8ecf88000 	C:\Windows\SYSTEM32\ntdll.dll
0x00007ff8ebe50000 - 0x00007ff8ebf12000 	C:\Windows\System32\KERNEL32.DLL
0x00007ff8ea9b0000 - 0x00007ff8eacaf000 	C:\Windows\System32\KERNELBASE.dll
0x00007ff8eacb0000 - 0x00007ff8eadb0000 	C:\Windows\System32\ucrtbase.dll
0x00007ff8e5e80000 - 0x00007ff8e5e97000 	C:\Users\shtog\.jdks\jbr-17.0.12\bin\jli.dll
0x00007ff8e5ea0000 - 0x00007ff8e5ebb000 	C:\Users\shtog\.jdks\jbr-17.0.12\bin\VCRUNTIME140.dll
0x00007ff8ebcb0000 - 0x00007ff8ebe4d000 	C:\Windows\System32\USER32.dll
0x00007ff8ea430000 - 0x00007ff8ea452000 	C:\Windows\System32\win32u.dll
0x00007ff8ec1a0000 - 0x00007ff8ec1cb000 	C:\Windows\System32\GDI32.dll
0x00007ff8ea7f0000 - 0x00007ff8ea90a000 	C:\Windows\System32\gdi32full.dll
0x00007ff8d5560000 - 0x00007ff8d57fa000 	C:\Windows\WinSxS\amd64_microsoft.windows.common-controls_6595b64144ccf1df_6.0.19041.4355_none_60b8b9eb71f62e16\COMCTL32.dll
0x00007ff8ebc10000 - 0x00007ff8ebcae000 	C:\Windows\System32\msvcrt.dll
0x00007ff8ea910000 - 0x00007ff8ea9ad000 	C:\Windows\System32\msvcp_win.dll
0x00007ff8ebff0000 - 0x00007ff8ec01f000 	C:\Windows\System32\IMM32.DLL
0x00007ff8e6c90000 - 0x00007ff8e6c9c000 	C:\Users\shtog\.jdks\jbr-17.0.12\bin\vcruntime140_1.dll
0x00007ff8d5ba0000 - 0x00007ff8d5c2d000 	C:\Users\shtog\.jdks\jbr-17.0.12\bin\msvcp140.dll
0x00007ff8af570000 - 0x00007ff8b01fa000 	C:\Users\shtog\.jdks\jbr-17.0.12\bin\server\jvm.dll
0x00007ff8eadb0000 - 0x00007ff8eae5f000 	C:\Windows\System32\ADVAPI32.dll
0x00007ff8ec650000 - 0x00007ff8ec6ef000 	C:\Windows\System32\sechost.dll
0x00007ff8ec8b0000 - 0x00007ff8ec9d3000 	C:\Windows\System32\RPCRT4.dll
0x00007ff8ea6e0000 - 0x00007ff8ea707000 	C:\Windows\System32\bcrypt.dll
0x00007ff8ec110000 - 0x00007ff8ec17b000 	C:\Windows\System32\WS2_32.dll
0x00007ff8e2020000 - 0x00007ff8e2047000 	C:\Windows\SYSTEM32\WINMM.dll
0x00007ff8e2010000 - 0x00007ff8e201a000 	C:\Windows\SYSTEM32\VERSION.dll
0x00007ff8ea170000 - 0x00007ff8ea1bb000 	C:\Windows\SYSTEM32\POWRPROF.dll
0x00007ff8ea150000 - 0x00007ff8ea162000 	C:\Windows\SYSTEM32\UMPDC.dll
0x00007ff8e8180000 - 0x00007ff8e8192000 	C:\Windows\SYSTEM32\kernel.appcore.dll
0x00007ff8e4b30000 - 0x00007ff8e4b3a000 	C:\Users\shtog\.jdks\jbr-17.0.12\bin\jimage.dll
0x00007ff8cecd0000 - 0x00007ff8ceeb4000 	C:\Windows\SYSTEM32\DBGHELP.DLL
0x00007ff8ceb30000 - 0x00007ff8ceb64000 	C:\Windows\SYSTEM32\dbgcore.DLL
0x00007ff8ea710000 - 0x00007ff8ea792000 	C:\Windows\System32\bcryptPrimitives.dll
0x00007ff8e1fb0000 - 0x00007ff8e1fbe000 	C:\Users\shtog\.jdks\jbr-17.0.12\bin\instrument.dll
0x00007ff8d8ac0000 - 0x00007ff8d8ae5000 	C:\Users\shtog\.jdks\jbr-17.0.12\bin\java.dll
0x00007ff8d22a0000 - 0x00007ff8d2377000 	C:\Users\shtog\.jdks\jbr-17.0.12\bin\jsvml.dll
0x00007ff8eafa0000 - 0x00007ff8eb70d000 	C:\Windows\System32\SHELL32.dll
0x00007ff8e84b0000 - 0x00007ff8e8c54000 	C:\Windows\SYSTEM32\windows.storage.dll
0x00007ff8ec2f0000 - 0x00007ff8ec645000 	C:\Windows\System32\combase.dll
0x00007ff8e9df0000 - 0x00007ff8e9e1f000 	C:\Windows\SYSTEM32\Wldp.dll
0x00007ff8ebf20000 - 0x00007ff8ebfed000 	C:\Windows\System32\OLEAUT32.dll
0x00007ff8ec7a0000 - 0x00007ff8ec84d000 	C:\Windows\System32\SHCORE.dll
0x00007ff8ec850000 - 0x00007ff8ec8a5000 	C:\Windows\System32\shlwapi.dll
0x00007ff8ea360000 - 0x00007ff8ea384000 	C:\Windows\SYSTEM32\profapi.dll
0x00007ff8da370000 - 0x00007ff8da388000 	C:\Users\shtog\.jdks\jbr-17.0.12\bin\zip.dll
0x00007ff8d5b80000 - 0x00007ff8d5b99000 	C:\Users\shtog\.jdks\jbr-17.0.12\bin\net.dll
0x00007ff8e4cf0000 - 0x00007ff8e4dfa000 	C:\Windows\SYSTEM32\WINHTTP.dll
0x00007ff8e9b50000 - 0x00007ff8e9bbc000 	C:\Windows\system32\mswsock.dll
0x00007ff8d58a0000 - 0x00007ff8d58b6000 	C:\Users\shtog\.jdks\jbr-17.0.12\bin\nio.dll
0x00007ff8e1fa0000 - 0x00007ff8e1fb0000 	C:\Users\shtog\.jdks\jbr-17.0.12\bin\verify.dll
0x00007ff8b7370000 - 0x00007ff8b7397000 	C:\Users\shtog\.gradle\native\c067742578af261105cb4f569cf0c3c89f3d7b1fecec35dd04571415982c5e48\windows-amd64\native-platform.dll
0x00007ff8be660000 - 0x00007ff8be7a4000 	C:\Users\shtog\.gradle\native\100fb08df4bc3b14c8652ba06237920a3bd2aa13389f12d3474272988ae205f9\windows-amd64\native-platform-file-events.dll
0x00007ff8e78d0000 - 0x00007ff8e78d9000 	C:\Users\shtog\.jdks\jbr-17.0.12\bin\management.dll
0x00007ff8d9bd0000 - 0x00007ff8d9bdb000 	C:\Users\shtog\.jdks\jbr-17.0.12\bin\management_ext.dll
0x00007ff8ec180000 - 0x00007ff8ec188000 	C:\Windows\System32\PSAPI.DLL
0x00007ff8e9d40000 - 0x00007ff8e9d58000 	C:\Windows\SYSTEM32\CRYPTSP.dll
0x00007ff8e9410000 - 0x00007ff8e9444000 	C:\Windows\system32\rsaenh.dll
0x00007ff8ea2e0000 - 0x00007ff8ea30e000 	C:\Windows\SYSTEM32\USERENV.dll
0x00007ff8e9d60000 - 0x00007ff8e9d6c000 	C:\Windows\SYSTEM32\CRYPTBASE.dll
0x00007ff8e9830000 - 0x00007ff8e986b000 	C:\Windows\SYSTEM32\IPHLPAPI.DLL
0x00007ff8ec020000 - 0x00007ff8ec028000 	C:\Windows\System32\NSI.dll
0x00007ff8e17f0000 - 0x00007ff8e1807000 	C:\Windows\SYSTEM32\dhcpcsvc6.DLL
0x00007ff8dfe50000 - 0x00007ff8dfe6d000 	C:\Windows\SYSTEM32\dhcpcsvc.DLL
0x00007ff8e9870000 - 0x00007ff8e993a000 	C:\Windows\SYSTEM32\DNSAPI.dll
0x00007ff8d8d30000 - 0x00007ff8d8d39000 	C:\Users\shtog\.jdks\jbr-17.0.12\bin\extnet.dll
0x00007ff8d8ab0000 - 0x00007ff8d8abe000 	C:\Users\shtog\.jdks\jbr-17.0.12\bin\sunmscapi.dll
0x00007ff8ea460000 - 0x00007ff8ea5bc000 	C:\Windows\System32\CRYPT32.dll
0x00007ff8e9e60000 - 0x00007ff8e9e87000 	C:\Windows\SYSTEM32\ncrypt.dll
0x00007ff8e9e20000 - 0x00007ff8e9e5b000 	C:\Windows\SYSTEM32\NTASN1.dll
0x00007ff8e0310000 - 0x00007ff8e0317000 	C:\Windows\system32\wshunix.dll

dbghelp: loaded successfully - version: 4.0.5 - missing functions: none
symbol engine: initialized successfully - sym options: 0x614 - pdb path: .;C:\Users\shtog\.jdks\jbr-17.0.12\bin;C:\Windows\SYSTEM32;C:\Windows\WinSxS\amd64_microsoft.windows.common-controls_6595b64144ccf1df_6.0.19041.4355_none_60b8b9eb71f62e16;C:\Users\shtog\.jdks\jbr-17.0.12\bin\server;C:\Users\shtog\.gradle\native\c067742578af261105cb4f569cf0c3c89f3d7b1fecec35dd04571415982c5e48\windows-amd64;C:\Users\shtog\.gradle\native\100fb08df4bc3b14c8652ba06237920a3bd2aa13389f12d3474272988ae205f9\windows-amd64

VM Arguments:
jvm_args: --add-opens=java.base/java.lang=ALL-UNNAMED --add-opens=java.base/java.lang.invoke=ALL-UNNAMED --add-opens=java.base/java.util=ALL-UNNAMED --add-opens=java.prefs/java.util.prefs=ALL-UNNAMED --add-exports=jdk.compiler/com.sun.tools.javac.api=ALL-UNNAMED --add-exports=jdk.compiler/com.sun.tools.javac.util=ALL-UNNAMED --add-opens=java.base/java.util=ALL-UNNAMED --add-opens=java.prefs/java.util.prefs=ALL-UNNAMED --add-opens=java.base/java.nio.charset=ALL-UNNAMED --add-opens=java.base/java.net=ALL-UNNAMED --add-opens=java.base/java.util.concurrent.atomic=ALL-UNNAMED --add-opens=java.xml/javax.xml.namespace=ALL-UNNAMED -XX:MaxMetaspaceSize=384m -XX:+HeapDumpOnOutOfMemoryError -Xms256m -Xmx512m -Dfile.encoding=windows-1251 -Duser.country=RU -Duser.language=ru -Duser.variant -javaagent:C:\Users\shtog\.gradle\wrapper\dists\gradle-8.11.1-bin\bpt9gzteqjrbo1mjrsomdt32c\gradle-8.11.1\lib\agents\gradle-instrumentation-agent-8.11.1.jar 
java_command: org.gradle.launcher.daemon.bootstrap.GradleDaemon 8.11.1
java_class_path (initial): C:\Users\shtog\.gradle\wrapper\dists\gradle-8.11.1-bin\bpt9gzteqjrbo1mjrsomdt32c\gradle-8.11.1\lib\gradle-daemon-main-8.11.1.jar
Launcher Type: SUN_STANDARD

[Global flags]
     intx CICompilerCount                          = 3                                         {product} {ergonomic}
   size_t CompressedClassSpaceSize                 = 335544320                                 {product} {ergonomic}
     uint ConcGCThreads                            = 1                                         {product} {ergonomic}
     uint G1ConcRefinementThreads                  = 4                                         {product} {ergonomic}
   size_t G1HeapRegionSize                         = 1048576                                   {product} {ergonomic}
    uintx GCDrainStackTargetSize                   = 64                                        {product} {ergonomic}
     bool HeapDumpOnOutOfMemoryError               = true                                   {manageable} {command line}
   size_t InitialHeapSize                          = 268435456                                 {product} {command line}
   size_t MarkStackSize                            = 4194304                                   {product} {ergonomic}
   size_t MaxHeapSize                              = 536870912                                 {product} {command line}
   size_t MaxMetaspaceSize                         = 402653184                                 {product} {command line}
   size_t MaxNewSize                               = 321912832                                 {product} {ergonomic}
   size_t MinHeapDeltaBytes                        = 1048576                                   {product} {ergonomic}
   size_t MinHeapSize                              = 268435456                                 {product} {command line}
    uintx NonNMethodCodeHeapSize                   = 5832780                                {pd product} {ergonomic}
    uintx NonProfiledCodeHeapSize                  = 122912730                              {pd product} {ergonomic}
    uintx ProfiledCodeHeapSize                     = 122912730                              {pd product} {ergonomic}
    uintx ReservedCodeCacheSize                    = 251658240                              {pd product} {ergonomic}
     bool SegmentedCodeCache                       = true                                      {product} {ergonomic}
   size_t SoftMaxHeapSize                          = 536870912                              {manageable} {ergonomic}
     bool UseCompressedClassPointers               = true                           {product lp64_product} {ergonomic}
     bool UseCompressedOops                        = true                           {product lp64_product} {ergonomic}
     bool UseG1GC                                  = true                                      {product} {ergonomic}
     bool UseLargePagesIndividualAllocation        = false                                  {pd product} {ergonomic}

Logging:
Log output configuration:
 #0: stdout all=warning uptime,level,tags
 #1: stderr all=off uptime,level,tags

Environment Variables:
JAVA_HOME=C:\Program Files\Java\jdk-21
PATH=C:\Program Files\Common Files\Oracle\Java\javapath;C:\Windows\system32;C:\Windows;C:\Windows\System32\Wbem;C:\Windows\System32\WindowsPowerShell\v1.0\;C:\Windows\System32\OpenSSH\;C:\Program Files\dotnet\;C:\Program Files (x86)\Windows Kits\10\Windows Performance Toolkit\;P:\Matlab1\bin;P:\Matlab\bin;C:\Program Files\Git\cmd;C:\Program Files\Java\gradle-8.11\bin;C:\Program Files\Java\apache-maven-3.9.9\bin;C:\Users\shtog\AppData\Local\Android\Sdk\platform-tools;P:\PostgreSQL16\bin;C:\Users\shtog\AppData\Local\Programs\Python\Launcher\;C:\Users\shtog\AppData\Local\Microsoft\WindowsApps;P:\PyCharm 2024.1.5\bin;;P:\IntelliJ IDEA 2024.1.5\bin;;P:\DataGrip 2024.1.4\bin;;P:\Microsoft VS Code\bin;C:\Users\shtog\.dotnet\tools;C:\Users\shtog\AppData\Local\GitHubDesktop\bin;P:\PostgreSQL16\bin;
USERNAME=shtog
OS=Windows_NT
PROCESSOR_IDENTIFIER=AMD64 Family 23 Model 96 Stepping 1, AuthenticAMD
TMP=C:\Users\shtog\AppData\Local\Temp
TEMP=C:\Users\shtog\AppData\Local\Temp



Periodic native trim disabled

JNI global refs:
JNI global refs: 26, weak refs: 1

JNI global refs memory usage: 843, weak refs: 841

Process memory usage:
Resident Set Size: 387108K (10% of 3528468K total physical memory with 128100K free physical memory)

OOME stack traces (most recent first):
Classloader memory used:
